{"C:\\Users\\BM\\Desktop\\gits\\frontend-architecture-project-20minCoach\\src\\src\\App.tsx": {"path":"C:\\Users\\BM\\Desktop\\gits\\frontend-architecture-project-20minCoach\\src\\src\\App.tsx","statementMap":{"0":{"start":{"line":14,"column":14},"end":{"line":14,"column":36}},"1":{"start":{"line":17,"column":2},"end":{"line":43,"column":3}}},"fnMap":{"0":{"name":"App","decl":{"start":{"line":16,"column":24},"end":{"line":16,"column":27}},"loc":{"start":{"line":16,"column":30},"end":{"line":44,"column":1}},"line":16}},"branchMap":{},"s":{"0":0,"1":0},"f":{"0":0},"b":{}}
,"C:\\Users\\BM\\Desktop\\gits\\frontend-architecture-project-20minCoach\\src\\src\\components\\common\\Button.tsx": {"path":"C:\\Users\\BM\\Desktop\\gits\\frontend-architecture-project-20minCoach\\src\\src\\components\\common\\Button.tsx","statementMap":{"0":{"start":{"line":28,"column":25},"end":{"line":52,"column":3}},"1":{"start":{"line":29,"column":46},"end":{"line":29,"column":61}},"2":{"start":{"line":31,"column":4},"end":{"line":41,"column":5}},"3":{"start":{"line":33,"column":8},"end":{"line":33,"column":44}},"4":{"start":{"line":34,"column":8},"end":{"line":34,"column":13}},"5":{"start":{"line":36,"column":8},"end":{"line":36,"column":46}},"6":{"start":{"line":37,"column":8},"end":{"line":37,"column":13}},"7":{"start":{"line":39,"column":8},"end":{"line":39,"column":44}},"8":{"start":{"line":40,"column":8},"end":{"line":40,"column":13}},"9":{"start":{"line":43,"column":4},"end":{"line":45,"column":5}},"10":{"start":{"line":44,"column":6},"end":{"line":44,"column":43}},"11":{"start":{"line":47,"column":4},"end":{"line":49,"column":5}},"12":{"start":{"line":48,"column":6},"end":{"line":48,"column":27}},"13":{"start":{"line":51,"column":4},"end":{"line":51,"column":20}},"14":{"start":{"line":54,"column":23},"end":{"line":78,"column":3}},"15":{"start":{"line":55,"column":46},"end":{"line":55,"column":65}},"16":{"start":{"line":57,"column":4},"end":{"line":67,"column":5}},"17":{"start":{"line":59,"column":8},"end":{"line":59,"column":48}},"18":{"start":{"line":60,"column":8},"end":{"line":60,"column":13}},"19":{"start":{"line":62,"column":8},"end":{"line":62,"column":50}},"20":{"start":{"line":63,"column":8},"end":{"line":63,"column":13}},"21":{"start":{"line":65,"column":8},"end":{"line":65,"column":48}},"22":{"start":{"line":66,"column":8},"end":{"line":66,"column":13}},"23":{"start":{"line":69,"column":4},"end":{"line":71,"column":5}},"24":{"start":{"line":70,"column":6},"end":{"line":70,"column":47}},"25":{"start":{"line":73,"column":4},"end":{"line":75,"column":5}},"26":{"start":{"line":74,"column":6},"end":{"line":74,"column":31}},"27":{"start":{"line":77,"column":4},"end":{"line":77,"column":20}},"28":{"start":{"line":80,"column":2},"end":{"line":84,"column":3}},"29":{"start":{"line":87,"column":15},"end":{"line":128,"column":2}}},"fnMap":{"0":{"name":"Button","decl":{"start":{"line":19,"column":24},"end":{"line":19,"column":30}},"loc":{"start":{"line":26,"column":16},"end":{"line":85,"column":1}},"line":26},"1":{"name":"(anonymous_1)","decl":{"start":{"line":28,"column":25},"end":{"line":28,"column":26}},"loc":{"start":{"line":28,"column":31},"end":{"line":52,"column":3}},"line":28},"2":{"name":"(anonymous_2)","decl":{"start":{"line":54,"column":23},"end":{"line":54,"column":24}},"loc":{"start":{"line":54,"column":29},"end":{"line":78,"column":3}},"line":54}},"branchMap":{"0":{"loc":{"start":{"line":22,"column":2},"end":{"line":22,"column":21}},"type":"default-arg","locations":[{"start":{"line":22,"column":12},"end":{"line":22,"column":21}}],"line":22},"1":{"loc":{"start":{"line":23,"column":2},"end":{"line":23,"column":18}},"type":"default-arg","locations":[{"start":{"line":23,"column":13},"end":{"line":23,"column":18}}],"line":23},"2":{"loc":{"start":{"line":31,"column":4},"end":{"line":41,"column":5}},"type":"switch","locations":[{"start":{"line":32,"column":6},"end":{"line":34,"column":13}},{"start":{"line":35,"column":6},"end":{"line":37,"column":13}},{"start":{"line":38,"column":6},"end":{"line":40,"column":13}}],"line":31},"3":{"loc":{"start":{"line":43,"column":4},"end":{"line":45,"column":5}},"type":"if","locations":[{"start":{"line":43,"column":4},"end":{"line":45,"column":5}},{"start":{},"end":{}}],"line":43},"4":{"loc":{"start":{"line":47,"column":4},"end":{"line":49,"column":5}},"type":"if","locations":[{"start":{"line":47,"column":4},"end":{"line":49,"column":5}},{"start":{},"end":{}}],"line":47},"5":{"loc":{"start":{"line":57,"column":4},"end":{"line":67,"column":5}},"type":"switch","locations":[{"start":{"line":58,"column":6},"end":{"line":60,"column":13}},{"start":{"line":61,"column":6},"end":{"line":63,"column":13}},{"start":{"line":64,"column":6},"end":{"line":66,"column":13}}],"line":57},"6":{"loc":{"start":{"line":69,"column":4},"end":{"line":71,"column":5}},"type":"if","locations":[{"start":{"line":69,"column":4},"end":{"line":71,"column":5}},{"start":{},"end":{}}],"line":69},"7":{"loc":{"start":{"line":73,"column":4},"end":{"line":75,"column":5}},"type":"if","locations":[{"start":{"line":73,"column":4},"end":{"line":75,"column":5}},{"start":{},"end":{}}],"line":73}},"s":{"0":0,"1":0,"2":0,"3":0,"4":0,"5":0,"6":0,"7":0,"8":0,"9":0,"10":0,"11":0,"12":0,"13":0,"14":0,"15":0,"16":0,"17":0,"18":0,"19":0,"20":0,"21":0,"22":0,"23":0,"24":0,"25":0,"26":0,"27":0,"28":0,"29":0},"f":{"0":0,"1":0,"2":0},"b":{"0":[0],"1":[0],"2":[0,0,0],"3":[0,0],"4":[0,0],"5":[0,0,0],"6":[0,0],"7":[0,0]}}
,"C:\\Users\\BM\\Desktop\\gits\\frontend-architecture-project-20minCoach\\src\\src\\components\\common\\NavigationBar.tsx": {"path":"C:\\Users\\BM\\Desktop\\gits\\frontend-architecture-project-20minCoach\\src\\src\\components\\common\\NavigationBar.tsx","statementMap":{"0":{"start":{"line":12,"column":19},"end":{"line":12,"column":32}},"1":{"start":{"line":13,"column":19},"end":{"line":13,"column":64}},"2":{"start":{"line":13,"column":53},"end":{"line":13,"column":63}},"3":{"start":{"line":15,"column":23},"end":{"line":18,"column":3}},"4":{"start":{"line":16,"column":4},"end":{"line":16,"column":22}},"5":{"start":{"line":17,"column":4},"end":{"line":17,"column":31}},"6":{"start":{"line":20,"column":27},"end":{"line":34,"column":3}},"7":{"start":{"line":21,"column":4},"end":{"line":33,"column":5}},"8":{"start":{"line":22,"column":6},"end":{"line":22,"column":35}},"9":{"start":{"line":23,"column":11},"end":{"line":33,"column":5}},"10":{"start":{"line":24,"column":6},"end":{"line":24,"column":43}},"11":{"start":{"line":25,"column":11},"end":{"line":33,"column":5}},"12":{"start":{"line":26,"column":6},"end":{"line":26,"column":38}},"13":{"start":{"line":27,"column":11},"end":{"line":33,"column":5}},"14":{"start":{"line":28,"column":6},"end":{"line":32,"column":7}},"15":{"start":{"line":29,"column":8},"end":{"line":29,"column":43}},"16":{"start":{"line":31,"column":8},"end":{"line":31,"column":42}},"17":{"start":{"line":36,"column":2},"end":{"line":75,"column":3}},"18":{"start":{"line":40,"column":23},"end":{"line":40,"column":49}},"19":{"start":{"line":48,"column":23},"end":{"line":48,"column":50}},"20":{"start":{"line":56,"column":23},"end":{"line":56,"column":52}},"21":{"start":{"line":64,"column":23},"end":{"line":64,"column":50}},"22":{"start":{"line":78,"column":15},"end":{"line":114,"column":2}}},"fnMap":{"0":{"name":"NavigationBar","decl":{"start":{"line":11,"column":24},"end":{"line":11,"column":37}},"loc":{"start":{"line":11,"column":88},"end":{"line":76,"column":1}},"line":11},"1":{"name":"(anonymous_1)","decl":{"start":{"line":13,"column":31},"end":{"line":13,"column":32}},"loc":{"start":{"line":13,"column":53},"end":{"line":13,"column":63}},"line":13},"2":{"name":"(anonymous_2)","decl":{"start":{"line":15,"column":23},"end":{"line":15,"column":24}},"loc":{"start":{"line":15,"column":29},"end":{"line":18,"column":3}},"line":15},"3":{"name":"(anonymous_3)","decl":{"start":{"line":20,"column":27},"end":{"line":20,"column":28}},"loc":{"start":{"line":20,"column":51},"end":{"line":34,"column":3}},"line":20},"4":{"name":"(anonymous_4)","decl":{"start":{"line":40,"column":17},"end":{"line":40,"column":18}},"loc":{"start":{"line":40,"column":23},"end":{"line":40,"column":49}},"line":40},"5":{"name":"(anonymous_5)","decl":{"start":{"line":48,"column":17},"end":{"line":48,"column":18}},"loc":{"start":{"line":48,"column":23},"end":{"line":48,"column":50}},"line":48},"6":{"name":"(anonymous_6)","decl":{"start":{"line":56,"column":17},"end":{"line":56,"column":18}},"loc":{"start":{"line":56,"column":23},"end":{"line":56,"column":52}},"line":56},"7":{"name":"(anonymous_7)","decl":{"start":{"line":64,"column":17},"end":{"line":64,"column":18}},"loc":{"start":{"line":64,"column":23},"end":{"line":64,"column":50}},"line":64}},"branchMap":{"0":{"loc":{"start":{"line":21,"column":4},"end":{"line":33,"column":5}},"type":"if","locations":[{"start":{"line":21,"column":4},"end":{"line":33,"column":5}},{"start":{"line":23,"column":11},"end":{"line":33,"column":5}}],"line":21},"1":{"loc":{"start":{"line":23,"column":11},"end":{"line":33,"column":5}},"type":"if","locations":[{"start":{"line":23,"column":11},"end":{"line":33,"column":5}},{"start":{"line":25,"column":11},"end":{"line":33,"column":5}}],"line":23},"2":{"loc":{"start":{"line":25,"column":11},"end":{"line":33,"column":5}},"type":"if","locations":[{"start":{"line":25,"column":11},"end":{"line":33,"column":5}},{"start":{"line":27,"column":11},"end":{"line":33,"column":5}}],"line":25},"3":{"loc":{"start":{"line":27,"column":11},"end":{"line":33,"column":5}},"type":"if","locations":[{"start":{"line":27,"column":11},"end":{"line":33,"column":5}},{"start":{},"end":{}}],"line":27},"4":{"loc":{"start":{"line":28,"column":6},"end":{"line":32,"column":7}},"type":"if","locations":[{"start":{"line":28,"column":6},"end":{"line":32,"column":7}},{"start":{"line":30,"column":13},"end":{"line":32,"column":7}}],"line":28},"5":{"loc":{"start":{"line":39,"column":32},"end":{"line":39,"column":87}},"type":"cond-expr","locations":[{"start":{"line":39,"column":60},"end":{"line":39,"column":80}},{"start":{"line":39,"column":83},"end":{"line":39,"column":87}}],"line":39},"6":{"loc":{"start":{"line":43,"column":38},"end":{"line":43,"column":93}},"type":"cond-expr","locations":[{"start":{"line":43,"column":66},"end":{"line":43,"column":86}},{"start":{"line":43,"column":89},"end":{"line":43,"column":93}}],"line":43},"7":{"loc":{"start":{"line":47,"column":32},"end":{"line":47,"column":88}},"type":"cond-expr","locations":[{"start":{"line":47,"column":61},"end":{"line":47,"column":81}},{"start":{"line":47,"column":84},"end":{"line":47,"column":88}}],"line":47},"8":{"loc":{"start":{"line":51,"column":38},"end":{"line":51,"column":94}},"type":"cond-expr","locations":[{"start":{"line":51,"column":67},"end":{"line":51,"column":87}},{"start":{"line":51,"column":90},"end":{"line":51,"column":94}}],"line":51},"9":{"loc":{"start":{"line":55,"column":32},"end":{"line":55,"column":90}},"type":"cond-expr","locations":[{"start":{"line":55,"column":63},"end":{"line":55,"column":83}},{"start":{"line":55,"column":86},"end":{"line":55,"column":90}}],"line":55},"10":{"loc":{"start":{"line":59,"column":38},"end":{"line":59,"column":96}},"type":"cond-expr","locations":[{"start":{"line":59,"column":69},"end":{"line":59,"column":89}},{"start":{"line":59,"column":92},"end":{"line":59,"column":96}}],"line":59},"11":{"loc":{"start":{"line":63,"column":32},"end":{"line":63,"column":88}},"type":"cond-expr","locations":[{"start":{"line":63,"column":61},"end":{"line":63,"column":81}},{"start":{"line":63,"column":84},"end":{"line":63,"column":88}}],"line":63},"12":{"loc":{"start":{"line":67,"column":38},"end":{"line":67,"column":94}},"type":"cond-expr","locations":[{"start":{"line":67,"column":67},"end":{"line":67,"column":87}},{"start":{"line":67,"column":90},"end":{"line":67,"column":94}}],"line":67}},"s":{"0":0,"1":0,"2":0,"3":0,"4":0,"5":0,"6":0,"7":0,"8":0,"9":0,"10":0,"11":0,"12":0,"13":0,"14":0,"15":0,"16":0,"17":0,"18":0,"19":0,"20":0,"21":0,"22":0},"f":{"0":0,"1":0,"2":0,"3":0,"4":0,"5":0,"6":0,"7":0},"b":{"0":[0,0],"1":[0,0],"2":[0,0],"3":[0,0],"4":[0,0],"5":[0,0],"6":[0,0],"7":[0,0],"8":[0,0],"9":[0,0],"10":[0,0],"11":[0,0],"12":[0,0]}}
,"C:\\Users\\BM\\Desktop\\gits\\frontend-architecture-project-20minCoach\\src\\src\\components\\common\\TagSelector.tsx": {"path":"C:\\Users\\BM\\Desktop\\gits\\frontend-architecture-project-20minCoach\\src\\src\\components\\common\\TagSelector.tsx","statementMap":{"0":{"start":{"line":19,"column":30},"end":{"line":19,"column":45}},"1":{"start":{"line":20,"column":40},"end":{"line":20,"column":52}},"2":{"start":{"line":21,"column":36},"end":{"line":21,"column":48}},"3":{"start":{"line":23,"column":23},"end":{"line":23,"column":107}},"4":{"start":{"line":23,"column":53},"end":{"line":23,"column":106}},"5":{"start":{"line":25,"column":20},"end":{"line":28,"column":3}},"6":{"start":{"line":26,"column":24},"end":{"line":26,"column":115}},"7":{"start":{"line":26,"column":80},"end":{"line":26,"column":89}},"8":{"start":{"line":27,"column":4},"end":{"line":27,"column":29}},"9":{"start":{"line":30,"column":23},"end":{"line":41,"column":3}},"10":{"start":{"line":31,"column":4},"end":{"line":31,"column":33}},"11":{"start":{"line":31,"column":27},"end":{"line":31,"column":33}},"12":{"start":{"line":33,"column":26},"end":{"line":33,"column":56}},"13":{"start":{"line":34,"column":4},"end":{"line":37,"column":5}},"14":{"start":{"line":35,"column":6},"end":{"line":35,"column":89}},"15":{"start":{"line":36,"column":6},"end":{"line":36,"column":12}},"16":{"start":{"line":39,"column":4},"end":{"line":39,"column":50}},"17":{"start":{"line":40,"column":4},"end":{"line":40,"column":20}},"18":{"start":{"line":43,"column":2},"end":{"line":119,"column":3}},"19":{"start":{"line":45,"column":63},"end":{"line":45,"column":78}},"20":{"start":{"line":55,"column":12},"end":{"line":60,"column":19}},"21":{"start":{"line":57,"column":47},"end":{"line":57,"column":61}},"22":{"start":{"line":68,"column":45},"end":{"line":68,"column":61}},"23":{"start":{"line":72,"column":45},"end":{"line":72,"column":61}},"24":{"start":{"line":89,"column":16},"end":{"line":97,"column":35}},"25":{"start":{"line":92,"column":33},"end":{"line":92,"column":47}},"26":{"start":{"line":122,"column":15},"end":{"line":275,"column":2}}},"fnMap":{"0":{"name":"TagSelector","decl":{"start":{"line":13,"column":24},"end":{"line":13,"column":35}},"loc":{"start":{"line":18,"column":21},"end":{"line":120,"column":1}},"line":18},"1":{"name":"(anonymous_1)","decl":{"start":{"line":23,"column":44},"end":{"line":23,"column":45}},"loc":{"start":{"line":23,"column":53},"end":{"line":23,"column":106}},"line":23},"2":{"name":"(anonymous_2)","decl":{"start":{"line":25,"column":20},"end":{"line":25,"column":21}},"loc":{"start":{"line":25,"column":37},"end":{"line":28,"column":3}},"line":25},"3":{"name":"(anonymous_3)","decl":{"start":{"line":26,"column":73},"end":{"line":26,"column":74}},"loc":{"start":{"line":26,"column":80},"end":{"line":26,"column":89}},"line":26},"4":{"name":"(anonymous_4)","decl":{"start":{"line":30,"column":23},"end":{"line":30,"column":24}},"loc":{"start":{"line":30,"column":29},"end":{"line":41,"column":3}},"line":30},"5":{"name":"(anonymous_5)","decl":{"start":{"line":45,"column":57},"end":{"line":45,"column":58}},"loc":{"start":{"line":45,"column":63},"end":{"line":45,"column":78}},"line":45},"6":{"name":"(anonymous_6)","decl":{"start":{"line":54,"column":28},"end":{"line":54,"column":29}},"loc":{"start":{"line":55,"column":12},"end":{"line":60,"column":19}},"line":55},"7":{"name":"(anonymous_7)","decl":{"start":{"line":57,"column":41},"end":{"line":57,"column":42}},"loc":{"start":{"line":57,"column":47},"end":{"line":57,"column":61}},"line":57},"8":{"name":"(anonymous_8)","decl":{"start":{"line":68,"column":39},"end":{"line":68,"column":40}},"loc":{"start":{"line":68,"column":45},"end":{"line":68,"column":61}},"line":68},"9":{"name":"(anonymous_9)","decl":{"start":{"line":72,"column":39},"end":{"line":72,"column":40}},"loc":{"start":{"line":72,"column":45},"end":{"line":72,"column":61}},"line":72},"10":{"name":"(anonymous_10)","decl":{"start":{"line":88,"column":32},"end":{"line":88,"column":33}},"loc":{"start":{"line":89,"column":16},"end":{"line":97,"column":35}},"line":89},"11":{"name":"(anonymous_11)","decl":{"start":{"line":92,"column":27},"end":{"line":92,"column":28}},"loc":{"start":{"line":92,"column":33},"end":{"line":92,"column":47}},"line":92}},"branchMap":{"0":{"loc":{"start":{"line":17,"column":2},"end":{"line":17,"column":32}},"type":"default-arg","locations":[{"start":{"line":17,"column":16},"end":{"line":17,"column":32}}],"line":17},"1":{"loc":{"start":{"line":26,"column":24},"end":{"line":26,"column":115}},"type":"cond-expr","locations":[{"start":{"line":26,"column":53},"end":{"line":26,"column":90}},{"start":{"line":26,"column":93},"end":{"line":26,"column":115}}],"line":26},"2":{"loc":{"start":{"line":31,"column":4},"end":{"line":31,"column":33}},"type":"if","locations":[{"start":{"line":31,"column":4},"end":{"line":31,"column":33}},{"start":{},"end":{}}],"line":31},"3":{"loc":{"start":{"line":34,"column":4},"end":{"line":37,"column":5}},"type":"if","locations":[{"start":{"line":34,"column":4},"end":{"line":37,"column":5}},{"start":{},"end":{}}],"line":34},"4":{"loc":{"start":{"line":34,"column":8},"end":{"line":34,"column":85}},"type":"binary-expr","locations":[{"start":{"line":34,"column":8},"end":{"line":34,"column":44}},{"start":{"line":34,"column":48},"end":{"line":34,"column":85}}],"line":34},"5":{"loc":{"start":{"line":47,"column":11},"end":{"line":47,"column":89}},"type":"cond-expr","locations":[{"start":{"line":47,"column":37},"end":{"line":47,"column":75}},{"start":{"line":47,"column":78},"end":{"line":47,"column":89}}],"line":47},"6":{"loc":{"start":{"line":52,"column":7},"end":{"line":63,"column":7}},"type":"binary-expr","locations":[{"start":{"line":52,"column":7},"end":{"line":52,"column":30}},{"start":{"line":53,"column":8},"end":{"line":62,"column":15}}],"line":52},"7":{"loc":{"start":{"line":91,"column":38},"end":{"line":91,"column":92}},"type":"cond-expr","locations":[{"start":{"line":91,"column":67},"end":{"line":91,"column":85}},{"start":{"line":91,"column":88},"end":{"line":91,"column":92}}],"line":91},"8":{"loc":{"start":{"line":94,"column":48},"end":{"line":94,"column":106}},"type":"cond-expr","locations":[{"start":{"line":94,"column":77},"end":{"line":94,"column":99}},{"start":{"line":94,"column":102},"end":{"line":94,"column":106}}],"line":94}},"s":{"0":0,"1":0,"2":0,"3":0,"4":0,"5":0,"6":0,"7":0,"8":0,"9":0,"10":0,"11":0,"12":0,"13":0,"14":0,"15":0,"16":0,"17":0,"18":0,"19":0,"20":0,"21":0,"22":0,"23":0,"24":0,"25":0,"26":0},"f":{"0":0,"1":0,"2":0,"3":0,"4":0,"5":0,"6":0,"7":0,"8":0,"9":0,"10":0,"11":0},"b":{"0":[0],"1":[0,0],"2":[0,0],"3":[0,0],"4":[0,0],"5":[0,0],"6":[0,0],"7":[0,0],"8":[0,0]}}
,"C:\\Users\\BM\\Desktop\\gits\\frontend-architecture-project-20minCoach\\src\\src\\controllers\\authController.ts": {"path":"C:\\Users\\BM\\Desktop\\gits\\frontend-architecture-project-20minCoach\\src\\src\\controllers\\authController.ts","statementMap":{"0":{"start":{"line":7,"column":4},"end":{"line":7,"column":61}},"1":{"start":{"line":7,"column":35},"end":{"line":7,"column":60}},"2":{"start":{"line":10,"column":4},"end":{"line":12,"column":5}},"3":{"start":{"line":11,"column":6},"end":{"line":11,"column":56}},"4":{"start":{"line":14,"column":4},"end":{"line":16,"column":5}},"5":{"start":{"line":15,"column":6},"end":{"line":15,"column":63}},"6":{"start":{"line":19,"column":20},"end":{"line":19,"column":43}},"7":{"start":{"line":20,"column":22},"end":{"line":20,"column":47}},"8":{"start":{"line":22,"column":17},"end":{"line":22,"column":76}},"9":{"start":{"line":23,"column":17},"end":{"line":23,"column":58}},"10":{"start":{"line":25,"column":4},"end":{"line":25,"column":84}},"11":{"start":{"line":30,"column":4},"end":{"line":30,"column":60}},"12":{"start":{"line":30,"column":35},"end":{"line":30,"column":59}}},"fnMap":{"0":{"name":"(anonymous_0)","decl":{"start":{"line":5,"column":2},"end":{"line":5,"column":3}},"loc":{"start":{"line":5,"column":74},"end":{"line":26,"column":3}},"line":5},"1":{"name":"(anonymous_1)","decl":{"start":{"line":7,"column":22},"end":{"line":7,"column":23}},"loc":{"start":{"line":7,"column":35},"end":{"line":7,"column":60}},"line":7},"2":{"name":"(anonymous_2)","decl":{"start":{"line":28,"column":2},"end":{"line":28,"column":3}},"loc":{"start":{"line":28,"column":39},"end":{"line":31,"column":3}},"line":28},"3":{"name":"(anonymous_3)","decl":{"start":{"line":30,"column":22},"end":{"line":30,"column":23}},"loc":{"start":{"line":30,"column":35},"end":{"line":30,"column":59}},"line":30}},"branchMap":{"0":{"loc":{"start":{"line":10,"column":4},"end":{"line":12,"column":5}},"type":"if","locations":[{"start":{"line":10,"column":4},"end":{"line":12,"column":5}},{"start":{},"end":{}}],"line":10},"1":{"loc":{"start":{"line":10,"column":8},"end":{"line":10,"column":27}},"type":"binary-expr","locations":[{"start":{"line":10,"column":8},"end":{"line":10,"column":14}},{"start":{"line":10,"column":18},"end":{"line":10,"column":27}}],"line":10},"2":{"loc":{"start":{"line":14,"column":4},"end":{"line":16,"column":5}},"type":"if","locations":[{"start":{"line":14,"column":4},"end":{"line":16,"column":5}},{"start":{},"end":{}}],"line":14},"3":{"loc":{"start":{"line":22,"column":17},"end":{"line":22,"column":76}},"type":"cond-expr","locations":[{"start":{"line":22,"column":27},"end":{"line":22,"column":34}},{"start":{"line":22,"column":37},"end":{"line":22,"column":76}}],"line":22},"4":{"loc":{"start":{"line":22,"column":37},"end":{"line":22,"column":76}},"type":"cond-expr","locations":[{"start":{"line":22,"column":49},"end":{"line":22,"column":62}},{"start":{"line":22,"column":65},"end":{"line":22,"column":76}}],"line":22}},"s":{"0":7,"1":7,"2":7,"3":2,"4":5,"5":1,"6":4,"7":4,"8":4,"9":4,"10":4,"11":1,"12":1},"f":{"0":7,"1":7,"2":1,"3":1},"b":{"0":[2,5],"1":[7,6],"2":[1,4],"3":[1,3],"4":[1,2]},"_coverageSchema":"1a1c01bbd47fc00a2c39e90264f33305004495a9","hash":"2c27a9a66dee2d010d144ebfd1b95e5b4745352c"}
,"C:\\Users\\BM\\Desktop\\gits\\frontend-architecture-project-20minCoach\\src\\src\\controllers\\searchController.ts": {"path":"C:\\Users\\BM\\Desktop\\gits\\frontend-architecture-project-20minCoach\\src\\src\\controllers\\searchController.ts","statementMap":{"0":{"start":{"line":5,"column":22},"end":{"line":5,"column":60}},"1":{"start":{"line":7,"column":4},"end":{"line":12,"column":5}},"2":{"start":{"line":8,"column":6},"end":{"line":11,"column":7}},"3":{"start":{"line":14,"column":4},"end":{"line":14,"column":28}},"4":{"start":{"line":18,"column":4},"end":{"line":28,"column":6}},"5":{"start":{"line":20,"column":8},"end":{"line":23,"column":61}},"6":{"start":{"line":22,"column":44},"end":{"line":22,"column":92}},"7":{"start":{"line":25,"column":26},"end":{"line":25,"column":91}},"8":{"start":{"line":25,"column":66},"end":{"line":25,"column":90}},"9":{"start":{"line":27,"column":6},"end":{"line":27,"column":61}},"10":{"start":{"line":32,"column":4},"end":{"line":60,"column":5}}},"fnMap":{"0":{"name":"(anonymous_0)","decl":{"start":{"line":4,"column":2},"end":{"line":4,"column":3}},"loc":{"start":{"line":4,"column":97},"end":{"line":15,"column":3}},"line":4},"1":{"name":"(anonymous_1)","decl":{"start":{"line":17,"column":2},"end":{"line":17,"column":3}},"loc":{"start":{"line":17,"column":81},"end":{"line":29,"column":3}},"line":17},"2":{"name":"(anonymous_2)","decl":{"start":{"line":18,"column":26},"end":{"line":18,"column":27}},"loc":{"start":{"line":18,"column":37},"end":{"line":28,"column":5}},"line":18},"3":{"name":"(anonymous_3)","decl":{"start":{"line":22,"column":34},"end":{"line":22,"column":35}},"loc":{"start":{"line":22,"column":44},"end":{"line":22,"column":92}},"line":22},"4":{"name":"(anonymous_4)","decl":{"start":{"line":25,"column":57},"end":{"line":25,"column":58}},"loc":{"start":{"line":25,"column":66},"end":{"line":25,"column":90}},"line":25},"5":{"name":"(anonymous_5)","decl":{"start":{"line":31,"column":2},"end":{"line":31,"column":3}},"loc":{"start":{"line":31,"column":38},"end":{"line":61,"column":3}},"line":31}},"branchMap":{"0":{"loc":{"start":{"line":7,"column":4},"end":{"line":12,"column":5}},"type":"if","locations":[{"start":{"line":7,"column":4},"end":{"line":12,"column":5}},{"start":{},"end":{}}],"line":7},"1":{"loc":{"start":{"line":20,"column":8},"end":{"line":23,"column":61}},"type":"binary-expr","locations":[{"start":{"line":20,"column":8},"end":{"line":20,"column":20}},{"start":{"line":21,"column":8},"end":{"line":21,"column":62}},{"start":{"line":22,"column":8},"end":{"line":22,"column":93}},{"start":{"line":23,"column":8},"end":{"line":23,"column":61}}],"line":20},"2":{"loc":{"start":{"line":25,"column":26},"end":{"line":25,"column":91}},"type":"binary-expr","locations":[{"start":{"line":25,"column":26},"end":{"line":25,"column":43}},{"start":{"line":25,"column":47},"end":{"line":25,"column":91}}],"line":25},"3":{"loc":{"start":{"line":27,"column":13},"end":{"line":27,"column":61}},"type":"binary-expr","locations":[{"start":{"line":27,"column":13},"end":{"line":27,"column":25}},{"start":{"line":27,"column":29},"end":{"line":27,"column":40}},{"start":{"line":27,"column":44},"end":{"line":27,"column":61}}],"line":27}},"s":{"0":6,"1":6,"2":3,"3":3,"4":13,"5":48,"6":93,"7":48,"8":15,"9":48,"10":5},"f":{"0":6,"1":13,"2":48,"3":93,"4":15,"5":5},"b":{"0":[3,3],"1":[48,36,33,30],"2":[48,12],"3":[48,20,14]},"_coverageSchema":"1a1c01bbd47fc00a2c39e90264f33305004495a9","hash":"06c6a083e434dd5703f5d26149a28a93e8e5cff5"}
,"C:\\Users\\BM\\Desktop\\gits\\frontend-architecture-project-20minCoach\\src\\src\\models\\Coach.ts": {"path":"C:\\Users\\BM\\Desktop\\gits\\frontend-architecture-project-20minCoach\\src\\src\\models\\Coach.ts","statementMap":{"0":{"start":{"line":27,"column":4},"end":{"line":27,"column":21}},"1":{"start":{"line":28,"column":4},"end":{"line":28,"column":25}},"2":{"start":{"line":29,"column":4},"end":{"line":29,"column":45}},"3":{"start":{"line":30,"column":4},"end":{"line":30,"column":23}},"4":{"start":{"line":31,"column":4},"end":{"line":31,"column":29}},"5":{"start":{"line":32,"column":4},"end":{"line":32,"column":45}},"6":{"start":{"line":33,"column":4},"end":{"line":33,"column":33}},"7":{"start":{"line":34,"column":4},"end":{"line":34,"column":39}},"8":{"start":{"line":35,"column":4},"end":{"line":35,"column":37}},"9":{"start":{"line":36,"column":4},"end":{"line":36,"column":25}},"10":{"start":{"line":40,"column":4},"end":{"line":40,"column":34}},"11":{"start":{"line":44,"column":4},"end":{"line":44,"column":104}},"12":{"start":{"line":44,"column":46},"end":{"line":44,"column":103}}},"fnMap":{"0":{"name":"(anonymous_0)","decl":{"start":{"line":26,"column":2},"end":{"line":26,"column":3}},"loc":{"start":{"line":26,"column":27},"end":{"line":37,"column":3}},"line":26},"1":{"name":"(anonymous_1)","decl":{"start":{"line":39,"column":2},"end":{"line":39,"column":3}},"loc":{"start":{"line":39,"column":31},"end":{"line":41,"column":3}},"line":39},"2":{"name":"(anonymous_2)","decl":{"start":{"line":43,"column":2},"end":{"line":43,"column":3}},"loc":{"start":{"line":43,"column":57},"end":{"line":45,"column":3}},"line":43},"3":{"name":"(anonymous_3)","decl":{"start":{"line":44,"column":36},"end":{"line":44,"column":37}},"loc":{"start":{"line":44,"column":46},"end":{"line":44,"column":103}},"line":44}},"branchMap":{},"s":{"0":19,"1":19,"2":19,"3":19,"4":19,"5":19,"6":19,"7":19,"8":19,"9":19,"10":12,"11":17,"12":36},"f":{"0":19,"1":12,"2":17,"3":36},"b":{},"_coverageSchema":"1a1c01bbd47fc00a2c39e90264f33305004495a9","hash":"95a4f32e9ea92c2a4a2e8f17011ba27f4869cc78"}
,"C:\\Users\\BM\\Desktop\\gits\\frontend-architecture-project-20minCoach\\src\\src\\models\\User.ts": {"path":"C:\\Users\\BM\\Desktop\\gits\\frontend-architecture-project-20minCoach\\src\\src\\models\\User.ts","statementMap":{"0":{"start":{"line":15,"column":4},"end":{"line":15,"column":16}},"1":{"start":{"line":16,"column":4},"end":{"line":16,"column":22}},"2":{"start":{"line":17,"column":4},"end":{"line":17,"column":20}},"3":{"start":{"line":18,"column":4},"end":{"line":18,"column":20}},"4":{"start":{"line":22,"column":4},"end":{"line":22,"column":36}},"5":{"start":{"line":26,"column":4},"end":{"line":26,"column":38}},"6":{"start":{"line":30,"column":4},"end":{"line":30,"column":32}},"7":{"start":{"line":34,"column":4},"end":{"line":34,"column":63}}},"fnMap":{"0":{"name":"(anonymous_0)","decl":{"start":{"line":14,"column":2},"end":{"line":14,"column":3}},"loc":{"start":{"line":14,"column":101},"end":{"line":19,"column":3}},"line":14},"1":{"name":"(anonymous_1)","decl":{"start":{"line":21,"column":2},"end":{"line":21,"column":3}},"loc":{"start":{"line":21,"column":25},"end":{"line":23,"column":3}},"line":21},"2":{"name":"(anonymous_2)","decl":{"start":{"line":25,"column":2},"end":{"line":25,"column":3}},"loc":{"start":{"line":25,"column":27},"end":{"line":27,"column":3}},"line":25},"3":{"name":"(anonymous_3)","decl":{"start":{"line":29,"column":2},"end":{"line":29,"column":3}},"loc":{"start":{"line":29,"column":21},"end":{"line":31,"column":3}},"line":29},"4":{"name":"(anonymous_4)","decl":{"start":{"line":33,"column":2},"end":{"line":33,"column":3}},"loc":{"start":{"line":33,"column":38},"end":{"line":35,"column":3}},"line":33}},"branchMap":{"0":{"loc":{"start":{"line":34,"column":11},"end":{"line":34,"column":63}},"type":"binary-expr","locations":[{"start":{"line":34,"column":11},"end":{"line":34,"column":38}},{"start":{"line":34,"column":42},"end":{"line":34,"column":63}}],"line":34}},"s":{"0":23,"1":23,"2":23,"3":23,"4":3,"5":4,"6":4,"7":3},"f":{"0":23,"1":3,"2":4,"3":4,"4":3},"b":{"0":[3,2]},"_coverageSchema":"1a1c01bbd47fc00a2c39e90264f33305004495a9","hash":"0fdafa7e142f72d228633796e1d4e80839a0d2ed"}
,"C:\\Users\\BM\\Desktop\\gits\\frontend-architecture-project-20minCoach\\src\\src\\screens\\CoachProfileScreen.tsx": {"path":"C:\\Users\\BM\\Desktop\\gits\\frontend-architecture-project-20minCoach\\src\\src\\screens\\CoachProfileScreen.tsx","statementMap":{"0":{"start":{"line":29,"column":26},"end":{"line":29,"column":55}},"1":{"start":{"line":30,"column":34},"end":{"line":30,"column":58}},"2":{"start":{"line":31,"column":24},"end":{"line":33,"column":3}},"3":{"start":{"line":34,"column":38},"end":{"line":34,"column":59}},"4":{"start":{"line":35,"column":48},"end":{"line":35,"column":90}},"5":{"start":{"line":36,"column":42},"end":{"line":36,"column":100}},"6":{"start":{"line":37,"column":40},"end":{"line":37,"column":54}},"7":{"start":{"line":38,"column":38},"end":{"line":38,"column":54}},"8":{"start":{"line":41,"column":36},"end":{"line":41,"column":48}},"9":{"start":{"line":42,"column":44},"end":{"line":42,"column":56}},"10":{"start":{"line":43,"column":34},"end":{"line":43,"column":46}},"11":{"start":{"line":45,"column":19},"end":{"line":45,"column":64}},"12":{"start":{"line":45,"column":53},"end":{"line":45,"column":63}},"13":{"start":{"line":46,"column":24},"end":{"line":46,"column":59}},"14":{"start":{"line":48,"column":23},"end":{"line":78,"column":3}},"15":{"start":{"line":49,"column":18},"end":{"line":49,"column":22}},"16":{"start":{"line":52,"column":4},"end":{"line":52,"column":20}},"17":{"start":{"line":53,"column":4},"end":{"line":53,"column":24}},"18":{"start":{"line":54,"column":4},"end":{"line":54,"column":19}},"19":{"start":{"line":57,"column":4},"end":{"line":60,"column":5}},"20":{"start":{"line":58,"column":6},"end":{"line":58,"column":38}},"21":{"start":{"line":59,"column":6},"end":{"line":59,"column":21}},"22":{"start":{"line":63,"column":4},"end":{"line":66,"column":5}},"23":{"start":{"line":64,"column":6},"end":{"line":64,"column":46}},"24":{"start":{"line":65,"column":6},"end":{"line":65,"column":21}},"25":{"start":{"line":69,"column":4},"end":{"line":75,"column":5}},"26":{"start":{"line":70,"column":6},"end":{"line":70,"column":36}},"27":{"start":{"line":71,"column":6},"end":{"line":71,"column":21}},"28":{"start":{"line":72,"column":11},"end":{"line":75,"column":5}},"29":{"start":{"line":73,"column":6},"end":{"line":73,"column":55}},"30":{"start":{"line":74,"column":6},"end":{"line":74,"column":21}},"31":{"start":{"line":77,"column":4},"end":{"line":77,"column":18}},"32":{"start":{"line":80,"column":20},"end":{"line":83,"column":3}},"33":{"start":{"line":81,"column":24},"end":{"line":81,"column":115}},"34":{"start":{"line":81,"column":80},"end":{"line":81,"column":89}},"35":{"start":{"line":82,"column":4},"end":{"line":82,"column":32}},"36":{"start":{"line":85,"column":28},"end":{"line":112,"column":3}},"37":{"start":{"line":86,"column":4},"end":{"line":88,"column":5}},"38":{"start":{"line":87,"column":6},"end":{"line":87,"column":12}},"39":{"start":{"line":90,"column":4},"end":{"line":93,"column":5}},"40":{"start":{"line":91,"column":6},"end":{"line":91,"column":97}},"41":{"start":{"line":92,"column":6},"end":{"line":92,"column":12}},"42":{"start":{"line":95,"column":4},"end":{"line":101,"column":6}},"43":{"start":{"line":103,"column":4},"end":{"line":111,"column":6}},"44":{"start":{"line":108,"column":10},"end":{"line":108,"column":50}},"45":{"start":{"line":114,"column":35},"end":{"line":120,"column":3}},"46":{"start":{"line":115,"column":4},"end":{"line":115,"column":25}},"47":{"start":{"line":116,"column":4},"end":{"line":116,"column":62}},"48":{"start":{"line":118,"column":26},"end":{"line":118,"column":103}},"49":{"start":{"line":119,"column":4},"end":{"line":119,"column":54}},"50":{"start":{"line":122,"column":29},"end":{"line":124,"column":3}},"51":{"start":{"line":123,"column":4},"end":{"line":123,"column":91}},"52":{"start":{"line":126,"column":29},"end":{"line":128,"column":3}},"53":{"start":{"line":127,"column":4},"end":{"line":127,"column":92}},"54":{"start":{"line":130,"column":28},"end":{"line":132,"column":3}},"55":{"start":{"line":131,"column":4},"end":{"line":131,"column":91}},"56":{"start":{"line":134,"column":23},"end":{"line":146,"column":3}},"57":{"start":{"line":135,"column":4},"end":{"line":145,"column":6}},"58":{"start":{"line":142,"column":10},"end":{"line":142,"column":37}},"59":{"start":{"line":148,"column":2},"end":{"line":326,"column":3}},"60":{"start":{"line":193,"column":16},"end":{"line":193,"column":29}},"61":{"start":{"line":194,"column":16},"end":{"line":194,"column":47}},"62":{"start":{"line":194,"column":31},"end":{"line":194,"column":47}},"63":{"start":{"line":207,"column":16},"end":{"line":207,"column":33}},"64":{"start":{"line":208,"column":16},"end":{"line":208,"column":55}},"65":{"start":{"line":208,"column":35},"end":{"line":208,"column":55}},"66":{"start":{"line":257,"column":16},"end":{"line":257,"column":28}},"67":{"start":{"line":258,"column":16},"end":{"line":258,"column":45}},"68":{"start":{"line":258,"column":30},"end":{"line":258,"column":45}},"69":{"start":{"line":277,"column":14},"end":{"line":283,"column":33}},"70":{"start":{"line":280,"column":31},"end":{"line":280,"column":45}},"71":{"start":{"line":329,"column":15},"end":{"line":546,"column":2}}},"fnMap":{"0":{"name":"CoachProfileScreen","decl":{"start":{"line":27,"column":24},"end":{"line":27,"column":42}},"loc":{"start":{"line":27,"column":84},"end":{"line":327,"column":1}},"line":27},"1":{"name":"(anonymous_1)","decl":{"start":{"line":45,"column":31},"end":{"line":45,"column":32}},"loc":{"start":{"line":45,"column":53},"end":{"line":45,"column":63}},"line":45},"2":{"name":"(anonymous_2)","decl":{"start":{"line":48,"column":23},"end":{"line":48,"column":24}},"loc":{"start":{"line":48,"column":38},"end":{"line":78,"column":3}},"line":48},"3":{"name":"(anonymous_3)","decl":{"start":{"line":80,"column":20},"end":{"line":80,"column":21}},"loc":{"start":{"line":80,"column":37},"end":{"line":83,"column":3}},"line":80},"4":{"name":"(anonymous_4)","decl":{"start":{"line":81,"column":73},"end":{"line":81,"column":74}},"loc":{"start":{"line":81,"column":80},"end":{"line":81,"column":89}},"line":81},"5":{"name":"(anonymous_5)","decl":{"start":{"line":85,"column":28},"end":{"line":85,"column":29}},"loc":{"start":{"line":85,"column":34},"end":{"line":112,"column":3}},"line":85},"6":{"name":"(anonymous_6)","decl":{"start":{"line":106,"column":17},"end":{"line":106,"column":18}},"loc":{"start":{"line":106,"column":23},"end":{"line":109,"column":9}},"line":106},"7":{"name":"(anonymous_7)","decl":{"start":{"line":114,"column":35},"end":{"line":114,"column":36}},"loc":{"start":{"line":114,"column":55},"end":{"line":120,"column":3}},"line":114},"8":{"name":"(anonymous_8)","decl":{"start":{"line":122,"column":29},"end":{"line":122,"column":30}},"loc":{"start":{"line":122,"column":35},"end":{"line":124,"column":3}},"line":122},"9":{"name":"(anonymous_9)","decl":{"start":{"line":126,"column":29},"end":{"line":126,"column":30}},"loc":{"start":{"line":126,"column":35},"end":{"line":128,"column":3}},"line":126},"10":{"name":"(anonymous_10)","decl":{"start":{"line":130,"column":28},"end":{"line":130,"column":29}},"loc":{"start":{"line":130,"column":34},"end":{"line":132,"column":3}},"line":130},"11":{"name":"(anonymous_11)","decl":{"start":{"line":134,"column":23},"end":{"line":134,"column":24}},"loc":{"start":{"line":134,"column":29},"end":{"line":146,"column":3}},"line":134},"12":{"name":"(anonymous_12)","decl":{"start":{"line":140,"column":17},"end":{"line":140,"column":18}},"loc":{"start":{"line":140,"column":23},"end":{"line":143,"column":9}},"line":140},"13":{"name":"(anonymous_13)","decl":{"start":{"line":192,"column":28},"end":{"line":192,"column":29}},"loc":{"start":{"line":192,"column":38},"end":{"line":195,"column":15}},"line":192},"14":{"name":"(anonymous_14)","decl":{"start":{"line":206,"column":28},"end":{"line":206,"column":29}},"loc":{"start":{"line":206,"column":38},"end":{"line":209,"column":15}},"line":206},"15":{"name":"(anonymous_15)","decl":{"start":{"line":256,"column":28},"end":{"line":256,"column":29}},"loc":{"start":{"line":256,"column":38},"end":{"line":259,"column":15}},"line":256},"16":{"name":"(anonymous_16)","decl":{"start":{"line":276,"column":31},"end":{"line":276,"column":32}},"loc":{"start":{"line":277,"column":14},"end":{"line":283,"column":33}},"line":277},"17":{"name":"(anonymous_17)","decl":{"start":{"line":280,"column":25},"end":{"line":280,"column":26}},"loc":{"start":{"line":280,"column":31},"end":{"line":280,"column":45}},"line":280}},"branchMap":{"0":{"loc":{"start":{"line":57,"column":4},"end":{"line":60,"column":5}},"type":"if","locations":[{"start":{"line":57,"column":4},"end":{"line":60,"column":5}},{"start":{},"end":{}}],"line":57},"1":{"loc":{"start":{"line":63,"column":4},"end":{"line":66,"column":5}},"type":"if","locations":[{"start":{"line":63,"column":4},"end":{"line":66,"column":5}},{"start":{},"end":{}}],"line":63},"2":{"loc":{"start":{"line":69,"column":4},"end":{"line":75,"column":5}},"type":"if","locations":[{"start":{"line":69,"column":4},"end":{"line":75,"column":5}},{"start":{"line":72,"column":11},"end":{"line":75,"column":5}}],"line":69},"3":{"loc":{"start":{"line":72,"column":11},"end":{"line":75,"column":5}},"type":"if","locations":[{"start":{"line":72,"column":11},"end":{"line":75,"column":5}},{"start":{},"end":{}}],"line":72},"4":{"loc":{"start":{"line":81,"column":24},"end":{"line":81,"column":115}},"type":"cond-expr","locations":[{"start":{"line":81,"column":53},"end":{"line":81,"column":90}},{"start":{"line":81,"column":93},"end":{"line":81,"column":115}}],"line":81},"5":{"loc":{"start":{"line":86,"column":4},"end":{"line":88,"column":5}},"type":"if","locations":[{"start":{"line":86,"column":4},"end":{"line":88,"column":5}},{"start":{},"end":{}}],"line":86},"6":{"loc":{"start":{"line":90,"column":4},"end":{"line":93,"column":5}},"type":"if","locations":[{"start":{"line":90,"column":4},"end":{"line":93,"column":5}},{"start":{},"end":{}}],"line":90},"7":{"loc":{"start":{"line":118,"column":26},"end":{"line":118,"column":103}},"type":"cond-expr","locations":[{"start":{"line":118,"column":34},"end":{"line":118,"column":79}},{"start":{"line":118,"column":82},"end":{"line":118,"column":103}}],"line":118},"8":{"loc":{"start":{"line":170,"column":53},"end":{"line":170,"column":91}},"type":"binary-expr","locations":[{"start":{"line":170,"column":53},"end":{"line":170,"column":65}},{"start":{"line":170,"column":69},"end":{"line":170,"column":91}}],"line":170},"9":{"loc":{"start":{"line":171,"column":17},"end":{"line":171,"column":59}},"type":"cond-expr","locations":[{"start":{"line":171,"column":31},"end":{"line":171,"column":42}},{"start":{"line":171,"column":45},"end":{"line":171,"column":59}}],"line":171},"10":{"loc":{"start":{"line":177,"column":28},"end":{"line":177,"column":63}},"type":"cond-expr","locations":[{"start":{"line":177,"column":42},"end":{"line":177,"column":51}},{"start":{"line":177,"column":54},"end":{"line":177,"column":63}}],"line":177},"11":{"loc":{"start":{"line":190,"column":36},"end":{"line":190,"column":72}},"type":"cond-expr","locations":[{"start":{"line":190,"column":48},"end":{"line":190,"column":65}},{"start":{"line":190,"column":68},"end":{"line":190,"column":72}}],"line":190},"12":{"loc":{"start":{"line":194,"column":16},"end":{"line":194,"column":47}},"type":"if","locations":[{"start":{"line":194,"column":16},"end":{"line":194,"column":47}},{"start":{},"end":{}}],"line":194},"13":{"loc":{"start":{"line":198,"column":13},"end":{"line":198,"column":81}},"type":"cond-expr","locations":[{"start":{"line":198,"column":25},"end":{"line":198,"column":74}},{"start":{"line":198,"column":77},"end":{"line":198,"column":81}}],"line":198},"14":{"loc":{"start":{"line":204,"column":36},"end":{"line":204,"column":76}},"type":"cond-expr","locations":[{"start":{"line":204,"column":52},"end":{"line":204,"column":69}},{"start":{"line":204,"column":72},"end":{"line":204,"column":76}}],"line":204},"15":{"loc":{"start":{"line":208,"column":16},"end":{"line":208,"column":55}},"type":"if","locations":[{"start":{"line":208,"column":16},"end":{"line":208,"column":55}},{"start":{},"end":{}}],"line":208},"16":{"loc":{"start":{"line":212,"column":13},"end":{"line":212,"column":89}},"type":"cond-expr","locations":[{"start":{"line":212,"column":29},"end":{"line":212,"column":82}},{"start":{"line":212,"column":85},"end":{"line":212,"column":89}}],"line":212},"17":{"loc":{"start":{"line":254,"column":39},"end":{"line":254,"column":74}},"type":"cond-expr","locations":[{"start":{"line":254,"column":50},"end":{"line":254,"column":67}},{"start":{"line":254,"column":70},"end":{"line":254,"column":74}}],"line":254},"18":{"loc":{"start":{"line":258,"column":16},"end":{"line":258,"column":45}},"type":"if","locations":[{"start":{"line":258,"column":16},"end":{"line":258,"column":45}},{"start":{},"end":{}}],"line":258},"19":{"loc":{"start":{"line":266,"column":13},"end":{"line":266,"column":79}},"type":"cond-expr","locations":[{"start":{"line":266,"column":24},"end":{"line":266,"column":72}},{"start":{"line":266,"column":75},"end":{"line":266,"column":79}}],"line":266},"20":{"loc":{"start":{"line":279,"column":36},"end":{"line":279,"column":90}},"type":"cond-expr","locations":[{"start":{"line":279,"column":65},"end":{"line":279,"column":83}},{"start":{"line":279,"column":86},"end":{"line":279,"column":90}}],"line":279},"21":{"loc":{"start":{"line":282,"column":46},"end":{"line":282,"column":104}},"type":"cond-expr","locations":[{"start":{"line":282,"column":75},"end":{"line":282,"column":97}},{"start":{"line":282,"column":100},"end":{"line":282,"column":104}}],"line":282}},"s":{"0":0,"1":0,"2":0,"3":0,"4":0,"5":0,"6":0,"7":0,"8":0,"9":0,"10":0,"11":0,"12":0,"13":0,"14":0,"15":0,"16":0,"17":0,"18":0,"19":0,"20":0,"21":0,"22":0,"23":0,"24":0,"25":0,"26":0,"27":0,"28":0,"29":0,"30":0,"31":0,"32":0,"33":0,"34":0,"35":0,"36":0,"37":0,"38":0,"39":0,"40":0,"41":0,"42":0,"43":0,"44":0,"45":0,"46":0,"47":0,"48":0,"49":0,"50":0,"51":0,"52":0,"53":0,"54":0,"55":0,"56":0,"57":0,"58":0,"59":0,"60":0,"61":0,"62":0,"63":0,"64":0,"65":0,"66":0,"67":0,"68":0,"69":0,"70":0,"71":0},"f":{"0":0,"1":0,"2":0,"3":0,"4":0,"5":0,"6":0,"7":0,"8":0,"9":0,"10":0,"11":0,"12":0,"13":0,"14":0,"15":0,"16":0,"17":0},"b":{"0":[0,0],"1":[0,0],"2":[0,0],"3":[0,0],"4":[0,0],"5":[0,0],"6":[0,0],"7":[0,0],"8":[0,0],"9":[0,0],"10":[0,0],"11":[0,0],"12":[0,0],"13":[0,0],"14":[0,0],"15":[0,0],"16":[0,0],"17":[0,0],"18":[0,0],"19":[0,0],"20":[0,0],"21":[0,0]}}
,"C:\\Users\\BM\\Desktop\\gits\\frontend-architecture-project-20minCoach\\src\\src\\screens\\FavoritesScreen.tsx": {"path":"C:\\Users\\BM\\Desktop\\gits\\frontend-architecture-project-20minCoach\\src\\src\\screens\\FavoritesScreen.tsx","statementMap":{"0":{"start":{"line":9,"column":26},"end":{"line":34,"column":3}},"1":{"start":{"line":36,"column":22},"end":{"line":43,"column":3}},"2":{"start":{"line":37,"column":18},"end":{"line":37,"column":20}},"3":{"start":{"line":38,"column":22},"end":{"line":38,"column":40}},"4":{"start":{"line":39,"column":4},"end":{"line":41,"column":5}},"5":{"start":{"line":39,"column":17},"end":{"line":39,"column":18}},"6":{"start":{"line":40,"column":6},"end":{"line":40,"column":21}},"7":{"start":{"line":42,"column":4},"end":{"line":42,"column":25}},"8":{"start":{"line":45,"column":2},"end":{"line":88,"column":3}},"9":{"start":{"line":54,"column":10},"end":{"line":80,"column":29}},"10":{"start":{"line":91,"column":15},"end":{"line":195,"column":2}}},"fnMap":{"0":{"name":"FavoritesScreen","decl":{"start":{"line":8,"column":24},"end":{"line":8,"column":39}},"loc":{"start":{"line":8,"column":78},"end":{"line":89,"column":1}},"line":8},"1":{"name":"(anonymous_1)","decl":{"start":{"line":36,"column":22},"end":{"line":36,"column":23}},"loc":{"start":{"line":36,"column":42},"end":{"line":43,"column":3}},"line":36},"2":{"name":"(anonymous_2)","decl":{"start":{"line":53,"column":29},"end":{"line":53,"column":30}},"loc":{"start":{"line":54,"column":10},"end":{"line":80,"column":29}},"line":54}},"branchMap":{"0":{"loc":{"start":{"line":68,"column":54},"end":{"line":68,"column":111}},"type":"cond-expr","locations":[{"start":{"line":68,"column":74},"end":{"line":68,"column":90}},{"start":{"line":68,"column":93},"end":{"line":68,"column":111}}],"line":68},"1":{"loc":{"start":{"line":70,"column":51},"end":{"line":70,"column":116}},"type":"cond-expr","locations":[{"start":{"line":70,"column":71},"end":{"line":70,"column":91}},{"start":{"line":70,"column":94},"end":{"line":70,"column":116}}],"line":70},"2":{"loc":{"start":{"line":72,"column":19},"end":{"line":72,"column":59}},"type":"cond-expr","locations":[{"start":{"line":72,"column":39},"end":{"line":72,"column":50}},{"start":{"line":72,"column":53},"end":{"line":72,"column":59}}],"line":72}},"s":{"0":0,"1":0,"2":0,"3":0,"4":0,"5":0,"6":0,"7":0,"8":0,"9":0,"10":0},"f":{"0":0,"1":0,"2":0},"b":{"0":[0,0],"1":[0,0],"2":[0,0]}}
,"C:\\Users\\BM\\Desktop\\gits\\frontend-architecture-project-20minCoach\\src\\src\\screens\\LoginScreen.tsx": {"path":"C:\\Users\\BM\\Desktop\\gits\\frontend-architecture-project-20minCoach\\src\\src\\screens\\LoginScreen.tsx","statementMap":{"0":{"start":{"line":28,"column":28},"end":{"line":28,"column":40}},"1":{"start":{"line":29,"column":34},"end":{"line":29,"column":46}},"2":{"start":{"line":30,"column":36},"end":{"line":30,"column":51}},"3":{"start":{"line":31,"column":38},"end":{"line":31,"column":50}},"4":{"start":{"line":32,"column":44},"end":{"line":32,"column":56}},"5":{"start":{"line":34,"column":19},"end":{"line":34,"column":32}},"6":{"start":{"line":36,"column":23},"end":{"line":62,"column":3}},"7":{"start":{"line":37,"column":18},"end":{"line":37,"column":22}},"8":{"start":{"line":40,"column":4},"end":{"line":40,"column":21}},"9":{"start":{"line":41,"column":4},"end":{"line":41,"column":24}},"10":{"start":{"line":44,"column":4},"end":{"line":50,"column":5}},"11":{"start":{"line":45,"column":6},"end":{"line":45,"column":40}},"12":{"start":{"line":46,"column":6},"end":{"line":46,"column":21}},"13":{"start":{"line":47,"column":11},"end":{"line":50,"column":5}},"14":{"start":{"line":48,"column":6},"end":{"line":48,"column":57}},"15":{"start":{"line":49,"column":6},"end":{"line":49,"column":21}},"16":{"start":{"line":53,"column":4},"end":{"line":59,"column":5}},"17":{"start":{"line":54,"column":6},"end":{"line":54,"column":46}},"18":{"start":{"line":55,"column":6},"end":{"line":55,"column":21}},"19":{"start":{"line":56,"column":11},"end":{"line":59,"column":5}},"20":{"start":{"line":57,"column":6},"end":{"line":57,"column":64}},"21":{"start":{"line":58,"column":6},"end":{"line":58,"column":21}},"22":{"start":{"line":61,"column":4},"end":{"line":61,"column":18}},"23":{"start":{"line":64,"column":22},"end":{"line":92,"column":3}},"24":{"start":{"line":65,"column":4},"end":{"line":67,"column":5}},"25":{"start":{"line":66,"column":6},"end":{"line":66,"column":12}},"26":{"start":{"line":69,"column":4},"end":{"line":69,"column":22}},"27":{"start":{"line":70,"column":4},"end":{"line":70,"column":26}},"28":{"start":{"line":72,"column":4},"end":{"line":91,"column":5}},"29":{"start":{"line":73,"column":6},"end":{"line":73,"column":47}},"30":{"start":{"line":74,"column":19},"end":{"line":74,"column":62}},"31":{"start":{"line":76,"column":6},"end":{"line":76,"column":34}},"32":{"start":{"line":77,"column":6},"end":{"line":77,"column":74}},"33":{"start":{"line":80,"column":6},"end":{"line":84,"column":7}},"34":{"start":{"line":81,"column":8},"end":{"line":81,"column":42}},"35":{"start":{"line":83,"column":8},"end":{"line":83,"column":36}},"36":{"start":{"line":86,"column":6},"end":{"line":86,"column":41}},"37":{"start":{"line":87,"column":6},"end":{"line":87,"column":30}},"38":{"start":{"line":88,"column":6},"end":{"line":88,"column":98}},"39":{"start":{"line":90,"column":6},"end":{"line":90,"column":25}},"40":{"start":{"line":94,"column":26},"end":{"line":102,"column":3}},"41":{"start":{"line":95,"column":4},"end":{"line":101,"column":5}},"42":{"start":{"line":96,"column":6},"end":{"line":96,"column":34}},"43":{"start":{"line":97,"column":6},"end":{"line":97,"column":32}},"44":{"start":{"line":99,"column":6},"end":{"line":99,"column":35}},"45":{"start":{"line":100,"column":6},"end":{"line":100,"column":32}},"46":{"start":{"line":104,"column":2},"end":{"line":184,"column":3}},"47":{"start":{"line":121,"column":18},"end":{"line":121,"column":32}},"48":{"start":{"line":122,"column":18},"end":{"line":122,"column":51}},"49":{"start":{"line":122,"column":34},"end":{"line":122,"column":51}},"50":{"start":{"line":138,"column":18},"end":{"line":138,"column":35}},"51":{"start":{"line":139,"column":18},"end":{"line":139,"column":57}},"52":{"start":{"line":139,"column":37},"end":{"line":139,"column":57}},"53":{"start":{"line":165,"column":31},"end":{"line":165,"column":54}},"54":{"start":{"line":171,"column":31},"end":{"line":171,"column":55}},"55":{"start":{"line":187,"column":15},"end":{"line":285,"column":2}}},"fnMap":{"0":{"name":"LoginScreen","decl":{"start":{"line":27,"column":24},"end":{"line":27,"column":35}},"loc":{"start":{"line":27,"column":70},"end":{"line":185,"column":1}},"line":27},"1":{"name":"(anonymous_1)","decl":{"start":{"line":36,"column":23},"end":{"line":36,"column":24}},"loc":{"start":{"line":36,"column":38},"end":{"line":62,"column":3}},"line":36},"2":{"name":"(anonymous_2)","decl":{"start":{"line":64,"column":22},"end":{"line":64,"column":23}},"loc":{"start":{"line":64,"column":34},"end":{"line":92,"column":3}},"line":64},"3":{"name":"(anonymous_3)","decl":{"start":{"line":94,"column":26},"end":{"line":94,"column":27}},"loc":{"start":{"line":94,"column":58},"end":{"line":102,"column":3}},"line":94},"4":{"name":"(anonymous_4)","decl":{"start":{"line":120,"column":30},"end":{"line":120,"column":31}},"loc":{"start":{"line":120,"column":40},"end":{"line":123,"column":17}},"line":120},"5":{"name":"(anonymous_5)","decl":{"start":{"line":137,"column":30},"end":{"line":137,"column":31}},"loc":{"start":{"line":137,"column":40},"end":{"line":140,"column":17}},"line":137},"6":{"name":"(anonymous_6)","decl":{"start":{"line":165,"column":25},"end":{"line":165,"column":26}},"loc":{"start":{"line":165,"column":31},"end":{"line":165,"column":54}},"line":165},"7":{"name":"(anonymous_7)","decl":{"start":{"line":171,"column":25},"end":{"line":171,"column":26}},"loc":{"start":{"line":171,"column":31},"end":{"line":171,"column":55}},"line":171}},"branchMap":{"0":{"loc":{"start":{"line":44,"column":4},"end":{"line":50,"column":5}},"type":"if","locations":[{"start":{"line":44,"column":4},"end":{"line":50,"column":5}},{"start":{"line":47,"column":11},"end":{"line":50,"column":5}}],"line":44},"1":{"loc":{"start":{"line":47,"column":11},"end":{"line":50,"column":5}},"type":"if","locations":[{"start":{"line":47,"column":11},"end":{"line":50,"column":5}},{"start":{},"end":{}}],"line":47},"2":{"loc":{"start":{"line":53,"column":4},"end":{"line":59,"column":5}},"type":"if","locations":[{"start":{"line":53,"column":4},"end":{"line":59,"column":5}},{"start":{"line":56,"column":11},"end":{"line":59,"column":5}}],"line":53},"3":{"loc":{"start":{"line":56,"column":11},"end":{"line":59,"column":5}},"type":"if","locations":[{"start":{"line":56,"column":11},"end":{"line":59,"column":5}},{"start":{},"end":{}}],"line":56},"4":{"loc":{"start":{"line":65,"column":4},"end":{"line":67,"column":5}},"type":"if","locations":[{"start":{"line":65,"column":4},"end":{"line":67,"column":5}},{"start":{},"end":{}}],"line":65},"5":{"loc":{"start":{"line":80,"column":6},"end":{"line":84,"column":7}},"type":"if","locations":[{"start":{"line":80,"column":6},"end":{"line":84,"column":7}},{"start":{"line":82,"column":13},"end":{"line":84,"column":7}}],"line":80},"6":{"loc":{"start":{"line":88,"column":34},"end":{"line":88,"column":97}},"type":"binary-expr","locations":[{"start":{"line":88,"column":34},"end":{"line":88,"column":47}},{"start":{"line":88,"column":51},"end":{"line":88,"column":97}}],"line":88},"7":{"loc":{"start":{"line":95,"column":4},"end":{"line":101,"column":5}},"type":"if","locations":[{"start":{"line":95,"column":4},"end":{"line":101,"column":5}},{"start":{"line":98,"column":11},"end":{"line":101,"column":5}}],"line":95},"8":{"loc":{"start":{"line":106,"column":38},"end":{"line":106,"column":82}},"type":"cond-expr","locations":[{"start":{"line":106,"column":62},"end":{"line":106,"column":71}},{"start":{"line":106,"column":74},"end":{"line":106,"column":82}}],"line":106},"9":{"loc":{"start":{"line":118,"column":38},"end":{"line":118,"column":75}},"type":"cond-expr","locations":[{"start":{"line":118,"column":51},"end":{"line":118,"column":68}},{"start":{"line":118,"column":71},"end":{"line":118,"column":75}}],"line":118},"10":{"loc":{"start":{"line":122,"column":18},"end":{"line":122,"column":51}},"type":"if","locations":[{"start":{"line":122,"column":18},"end":{"line":122,"column":51}},{"start":{},"end":{}}],"line":122},"11":{"loc":{"start":{"line":129,"column":15},"end":{"line":129,"column":85}},"type":"cond-expr","locations":[{"start":{"line":129,"column":28},"end":{"line":129,"column":78}},{"start":{"line":129,"column":81},"end":{"line":129,"column":85}}],"line":129},"12":{"loc":{"start":{"line":135,"column":38},"end":{"line":135,"column":78}},"type":"cond-expr","locations":[{"start":{"line":135,"column":54},"end":{"line":135,"column":71}},{"start":{"line":135,"column":74},"end":{"line":135,"column":78}}],"line":135},"13":{"loc":{"start":{"line":139,"column":18},"end":{"line":139,"column":57}},"type":"if","locations":[{"start":{"line":139,"column":18},"end":{"line":139,"column":57}},{"start":{},"end":{}}],"line":139},"14":{"loc":{"start":{"line":146,"column":15},"end":{"line":146,"column":91}},"type":"cond-expr","locations":[{"start":{"line":146,"column":31},"end":{"line":146,"column":84}},{"start":{"line":146,"column":87},"end":{"line":146,"column":91}}],"line":146},"15":{"loc":{"start":{"line":150,"column":21},"end":{"line":150,"column":60}},"type":"cond-expr","locations":[{"start":{"line":150,"column":33},"end":{"line":150,"column":48}},{"start":{"line":150,"column":51},"end":{"line":150,"column":60}}],"line":150}},"s":{"0":0,"1":0,"2":0,"3":0,"4":0,"5":0,"6":0,"7":0,"8":0,"9":0,"10":0,"11":0,"12":0,"13":0,"14":0,"15":0,"16":0,"17":0,"18":0,"19":0,"20":0,"21":0,"22":0,"23":0,"24":0,"25":0,"26":0,"27":0,"28":0,"29":0,"30":0,"31":0,"32":0,"33":0,"34":0,"35":0,"36":0,"37":0,"38":0,"39":0,"40":0,"41":0,"42":0,"43":0,"44":0,"45":0,"46":0,"47":0,"48":0,"49":0,"50":0,"51":0,"52":0,"53":0,"54":0,"55":0},"f":{"0":0,"1":0,"2":0,"3":0,"4":0,"5":0,"6":0,"7":0},"b":{"0":[0,0],"1":[0,0],"2":[0,0],"3":[0,0],"4":[0,0],"5":[0,0],"6":[0,0],"7":[0,0],"8":[0,0],"9":[0,0],"10":[0,0],"11":[0,0],"12":[0,0],"13":[0,0],"14":[0,0],"15":[0,0]}}
,"C:\\Users\\BM\\Desktop\\gits\\frontend-architecture-project-20minCoach\\src\\src\\screens\\PlaceholderScreen.tsx": {"path":"C:\\Users\\BM\\Desktop\\gits\\frontend-architecture-project-20minCoach\\src\\src\\screens\\PlaceholderScreen.tsx","statementMap":{"0":{"start":{"line":11,"column":21},"end":{"line":11,"column":58}},"1":{"start":{"line":13,"column":2},"end":{"line":25,"column":3}},"2":{"start":{"line":20,"column":55},"end":{"line":20,"column":84}},"3":{"start":{"line":28,"column":15},"end":{"line":60,"column":2}}},"fnMap":{"0":{"name":"PlaceholderScreen","decl":{"start":{"line":10,"column":24},"end":{"line":10,"column":41}},"loc":{"start":{"line":10,"column":89},"end":{"line":26,"column":1}},"line":10},"1":{"name":"(anonymous_1)","decl":{"start":{"line":20,"column":49},"end":{"line":20,"column":50}},"loc":{"start":{"line":20,"column":55},"end":{"line":20,"column":84}},"line":20}},"branchMap":{"0":{"loc":{"start":{"line":11,"column":21},"end":{"line":11,"column":58}},"type":"binary-expr","locations":[{"start":{"line":11,"column":21},"end":{"line":11,"column":45}},{"start":{"line":11,"column":49},"end":{"line":11,"column":58}}],"line":11}},"s":{"0":0,"1":0,"2":0,"3":0},"f":{"0":0,"1":0},"b":{"0":[0,0]}}
,"C:\\Users\\BM\\Desktop\\gits\\frontend-architecture-project-20minCoach\\src\\src\\screens\\ResultsScreen.tsx": {"path":"C:\\Users\\BM\\Desktop\\gits\\frontend-architecture-project-20minCoach\\src\\src\\screens\\ResultsScreen.tsx","statementMap":{"0":{"start":{"line":32,"column":46},"end":{"line":32,"column":61}},"1":{"start":{"line":33,"column":52},"end":{"line":33,"column":64}},"2":{"start":{"line":34,"column":38},"end":{"line":34,"column":60}},"3":{"start":{"line":35,"column":44},"end":{"line":35,"column":72}},"4":{"start":{"line":36,"column":46},"end":{"line":36,"column":61}},"5":{"start":{"line":38,"column":19},"end":{"line":38,"column":32}},"6":{"start":{"line":39,"column":57},"end":{"line":39,"column":105}},"7":{"start":{"line":39,"column":91},"end":{"line":39,"column":104}},"8":{"start":{"line":41,"column":24},"end":{"line":41,"column":59}},"9":{"start":{"line":43,"column":2},"end":{"line":47,"column":33}},"10":{"start":{"line":45,"column":4},"end":{"line":45,"column":37}},"11":{"start":{"line":46,"column":4},"end":{"line":46,"column":31}},"12":{"start":{"line":49,"column":29},"end":{"line":70,"column":3}},"13":{"start":{"line":50,"column":23},"end":{"line":50,"column":78}},"14":{"start":{"line":52,"column":4},"end":{"line":55,"column":5}},"15":{"start":{"line":53,"column":6},"end":{"line":53,"column":103}},"16":{"start":{"line":54,"column":6},"end":{"line":54,"column":12}},"17":{"start":{"line":57,"column":4},"end":{"line":60,"column":5}},"18":{"start":{"line":58,"column":6},"end":{"line":58,"column":107}},"19":{"start":{"line":59,"column":6},"end":{"line":59,"column":12}},"20":{"start":{"line":62,"column":4},"end":{"line":65,"column":6}},"21":{"start":{"line":67,"column":4},"end":{"line":67,"column":47}},"22":{"start":{"line":68,"column":4},"end":{"line":68,"column":41}},"23":{"start":{"line":69,"column":4},"end":{"line":69,"column":28}},"24":{"start":{"line":72,"column":24},"end":{"line":75,"column":3}},"25":{"start":{"line":73,"column":24},"end":{"line":73,"column":109}},"26":{"start":{"line":73,"column":76},"end":{"line":73,"column":85}},"27":{"start":{"line":74,"column":4},"end":{"line":74,"column":30}},"28":{"start":{"line":77,"column":25},"end":{"line":80,"column":3}},"29":{"start":{"line":78,"column":4},"end":{"line":78,"column":27}},"30":{"start":{"line":79,"column":4},"end":{"line":79,"column":27}},"31":{"start":{"line":82,"column":26},"end":{"line":85,"column":3}},"32":{"start":{"line":83,"column":4},"end":{"line":83,"column":26}},"33":{"start":{"line":84,"column":4},"end":{"line":84,"column":28}},"34":{"start":{"line":87,"column":28},"end":{"line":105,"column":3}},"35":{"start":{"line":88,"column":4},"end":{"line":88,"column":30}},"36":{"start":{"line":88,"column":24},"end":{"line":88,"column":30}},"37":{"start":{"line":90,"column":4},"end":{"line":90,"column":106}},"38":{"start":{"line":92,"column":4},"end":{"line":104,"column":5}},"39":{"start":{"line":99,"column":12},"end":{"line":99,"column":29}},"40":{"start":{"line":100,"column":12},"end":{"line":100,"column":41}},"41":{"start":{"line":107,"column":22},"end":{"line":120,"column":3}},"42":{"start":{"line":108,"column":18},"end":{"line":108,"column":20}},"43":{"start":{"line":109,"column":22},"end":{"line":109,"column":40}},"44":{"start":{"line":110,"column":24},"end":{"line":110,"column":40}},"45":{"start":{"line":112,"column":4},"end":{"line":114,"column":5}},"46":{"start":{"line":112,"column":17},"end":{"line":112,"column":18}},"47":{"start":{"line":113,"column":6},"end":{"line":113,"column":21}},"48":{"start":{"line":115,"column":4},"end":{"line":117,"column":5}},"49":{"start":{"line":116,"column":6},"end":{"line":116,"column":21}},"50":{"start":{"line":119,"column":4},"end":{"line":119,"column":25}},"51":{"start":{"line":122,"column":26},"end":{"line":156,"column":3}},"52":{"start":{"line":123,"column":4},"end":{"line":155,"column":23}},"53":{"start":{"line":123,"column":77},"end":{"line":123,"column":98}},"54":{"start":{"line":145,"column":10},"end":{"line":147,"column":17}},"55":{"start":{"line":158,"column":2},"end":{"line":305,"column":3}},"56":{"start":{"line":165,"column":45},"end":{"line":165,"column":79}},"57":{"start":{"line":183,"column":18},"end":{"line":191,"column":37}},"58":{"start":{"line":186,"column":35},"end":{"line":186,"column":53}},"59":{"start":{"line":204,"column":18},"end":{"line":206,"column":25}},"60":{"start":{"line":270,"column":20},"end":{"line":272,"column":27}},"61":{"start":{"line":281,"column":20},"end":{"line":283,"column":27}},"62":{"start":{"line":308,"column":15},"end":{"line":653,"column":2}}},"fnMap":{"0":{"name":"ResultsScreen","decl":{"start":{"line":31,"column":24},"end":{"line":31,"column":37}},"loc":{"start":{"line":31,"column":81},"end":{"line":306,"column":1}},"line":31},"1":{"name":"(anonymous_1)","decl":{"start":{"line":39,"column":69},"end":{"line":39,"column":70}},"loc":{"start":{"line":39,"column":91},"end":{"line":39,"column":104}},"line":39},"2":{"name":"(anonymous_2)","decl":{"start":{"line":43,"column":12},"end":{"line":43,"column":13}},"loc":{"start":{"line":43,"column":18},"end":{"line":47,"column":3}},"line":43},"3":{"name":"(anonymous_3)","decl":{"start":{"line":49,"column":29},"end":{"line":49,"column":30}},"loc":{"start":{"line":49,"column":35},"end":{"line":70,"column":3}},"line":49},"4":{"name":"(anonymous_4)","decl":{"start":{"line":72,"column":24},"end":{"line":72,"column":25}},"loc":{"start":{"line":72,"column":41},"end":{"line":75,"column":3}},"line":72},"5":{"name":"(anonymous_5)","decl":{"start":{"line":73,"column":69},"end":{"line":73,"column":70}},"loc":{"start":{"line":73,"column":76},"end":{"line":73,"column":85}},"line":73},"6":{"name":"(anonymous_6)","decl":{"start":{"line":77,"column":25},"end":{"line":77,"column":26}},"loc":{"start":{"line":77,"column":43},"end":{"line":80,"column":3}},"line":77},"7":{"name":"(anonymous_7)","decl":{"start":{"line":82,"column":26},"end":{"line":82,"column":27}},"loc":{"start":{"line":82,"column":32},"end":{"line":85,"column":3}},"line":82},"8":{"name":"(anonymous_8)","decl":{"start":{"line":87,"column":28},"end":{"line":87,"column":29}},"loc":{"start":{"line":87,"column":34},"end":{"line":105,"column":3}},"line":87},"9":{"name":"(anonymous_9)","decl":{"start":{"line":98,"column":19},"end":{"line":98,"column":20}},"loc":{"start":{"line":98,"column":25},"end":{"line":101,"column":11}},"line":98},"10":{"name":"(anonymous_10)","decl":{"start":{"line":107,"column":22},"end":{"line":107,"column":23}},"loc":{"start":{"line":107,"column":42},"end":{"line":120,"column":3}},"line":107},"11":{"name":"(anonymous_11)","decl":{"start":{"line":122,"column":26},"end":{"line":122,"column":27}},"loc":{"start":{"line":123,"column":4},"end":{"line":155,"column":23}},"line":123},"12":{"name":"(anonymous_12)","decl":{"start":{"line":123,"column":71},"end":{"line":123,"column":72}},"loc":{"start":{"line":123,"column":77},"end":{"line":123,"column":98}},"line":123},"13":{"name":"(anonymous_13)","decl":{"start":{"line":144,"column":36},"end":{"line":144,"column":37}},"loc":{"start":{"line":145,"column":10},"end":{"line":147,"column":17}},"line":145},"14":{"name":"(anonymous_14)","decl":{"start":{"line":165,"column":39},"end":{"line":165,"column":40}},"loc":{"start":{"line":165,"column":45},"end":{"line":165,"column":79}},"line":165},"15":{"name":"(anonymous_15)","decl":{"start":{"line":182,"column":35},"end":{"line":182,"column":36}},"loc":{"start":{"line":183,"column":18},"end":{"line":191,"column":37}},"line":183},"16":{"name":"(anonymous_16)","decl":{"start":{"line":186,"column":29},"end":{"line":186,"column":30}},"loc":{"start":{"line":186,"column":35},"end":{"line":186,"column":53}},"line":186},"17":{"name":"(anonymous_17)","decl":{"start":{"line":203,"column":34},"end":{"line":203,"column":35}},"loc":{"start":{"line":204,"column":18},"end":{"line":206,"column":25}},"line":204},"18":{"name":"(anonymous_18)","decl":{"start":{"line":269,"column":52},"end":{"line":269,"column":53}},"loc":{"start":{"line":270,"column":20},"end":{"line":272,"column":27}},"line":270},"19":{"name":"(anonymous_19)","decl":{"start":{"line":280,"column":42},"end":{"line":280,"column":43}},"loc":{"start":{"line":281,"column":20},"end":{"line":283,"column":27}},"line":281}},"branchMap":{"0":{"loc":{"start":{"line":52,"column":4},"end":{"line":55,"column":5}},"type":"if","locations":[{"start":{"line":52,"column":4},"end":{"line":55,"column":5}},{"start":{},"end":{}}],"line":52},"1":{"loc":{"start":{"line":53,"column":41},"end":{"line":53,"column":102}},"type":"binary-expr","locations":[{"start":{"line":53,"column":41},"end":{"line":53,"column":59}},{"start":{"line":53,"column":63},"end":{"line":53,"column":102}}],"line":53},"2":{"loc":{"start":{"line":57,"column":4},"end":{"line":60,"column":5}},"type":"if","locations":[{"start":{"line":57,"column":4},"end":{"line":60,"column":5}},{"start":{},"end":{}}],"line":57},"3":{"loc":{"start":{"line":73,"column":24},"end":{"line":73,"column":109}},"type":"cond-expr","locations":[{"start":{"line":73,"column":51},"end":{"line":73,"column":86}},{"start":{"line":73,"column":89},"end":{"line":73,"column":109}}],"line":73},"4":{"loc":{"start":{"line":88,"column":4},"end":{"line":88,"column":30}},"type":"if","locations":[{"start":{"line":88,"column":4},"end":{"line":88,"column":30}},{"start":{},"end":{}}],"line":88},"5":{"loc":{"start":{"line":115,"column":4},"end":{"line":117,"column":5}},"type":"if","locations":[{"start":{"line":115,"column":4},"end":{"line":117,"column":5}},{"start":{},"end":{}}],"line":115},"6":{"loc":{"start":{"line":134,"column":48},"end":{"line":134,"column":105}},"type":"cond-expr","locations":[{"start":{"line":134,"column":68},"end":{"line":134,"column":84}},{"start":{"line":134,"column":87},"end":{"line":134,"column":105}}],"line":134},"7":{"loc":{"start":{"line":135,"column":49},"end":{"line":135,"column":89}},"type":"cond-expr","locations":[{"start":{"line":135,"column":69},"end":{"line":135,"column":80}},{"start":{"line":135,"column":83},"end":{"line":135,"column":89}}],"line":135},"8":{"loc":{"start":{"line":149,"column":9},"end":{"line":153,"column":9}},"type":"binary-expr","locations":[{"start":{"line":149,"column":9},"end":{"line":149,"column":30}},{"start":{"line":150,"column":10},"end":{"line":152,"column":17}}],"line":149},"9":{"loc":{"start":{"line":166,"column":47},"end":{"line":166,"column":81}},"type":"cond-expr","locations":[{"start":{"line":166,"column":64},"end":{"line":166,"column":72}},{"start":{"line":166,"column":75},"end":{"line":166,"column":81}}],"line":166},"10":{"loc":{"start":{"line":170,"column":11},"end":{"line":210,"column":11}},"type":"cond-expr","locations":[{"start":{"line":171,"column":12},"end":{"line":196,"column":19}},{"start":{"line":198,"column":12},"end":{"line":209,"column":19}}],"line":170},"11":{"loc":{"start":{"line":185,"column":44},"end":{"line":185,"column":100}},"type":"cond-expr","locations":[{"start":{"line":185,"column":71},"end":{"line":185,"column":93}},{"start":{"line":185,"column":96},"end":{"line":185,"column":100}}],"line":185},"12":{"loc":{"start":{"line":188,"column":54},"end":{"line":188,"column":114}},"type":"cond-expr","locations":[{"start":{"line":188,"column":81},"end":{"line":188,"column":107}},{"start":{"line":188,"column":110},"end":{"line":188,"column":114}}],"line":188},"13":{"loc":{"start":{"line":216,"column":43},"end":{"line":216,"column":83}},"type":"cond-expr","locations":[{"start":{"line":216,"column":74},"end":{"line":216,"column":78}},{"start":{"line":216,"column":81},"end":{"line":216,"column":83}}],"line":216},"14":{"loc":{"start":{"line":219,"column":11},"end":{"line":229,"column":11}},"type":"cond-expr","locations":[{"start":{"line":220,"column":12},"end":{"line":226,"column":19}},{"start":{"line":228,"column":12},"end":{"line":228,"column":95}}],"line":219},"15":{"loc":{"start":{"line":244,"column":11},"end":{"line":288,"column":11}},"type":"binary-expr","locations":[{"start":{"line":244,"column":11},"end":{"line":244,"column":24}},{"start":{"line":245,"column":12},"end":{"line":287,"column":25}}],"line":244}},"s":{"0":0,"1":0,"2":0,"3":0,"4":0,"5":0,"6":0,"7":0,"8":0,"9":0,"10":0,"11":0,"12":0,"13":0,"14":0,"15":0,"16":0,"17":0,"18":0,"19":0,"20":0,"21":0,"22":0,"23":0,"24":0,"25":0,"26":0,"27":0,"28":0,"29":0,"30":0,"31":0,"32":0,"33":0,"34":0,"35":0,"36":0,"37":0,"38":0,"39":0,"40":0,"41":0,"42":0,"43":0,"44":0,"45":0,"46":0,"47":0,"48":0,"49":0,"50":0,"51":0,"52":0,"53":0,"54":0,"55":0,"56":0,"57":0,"58":0,"59":0,"60":0,"61":0,"62":0},"f":{"0":0,"1":0,"2":0,"3":0,"4":0,"5":0,"6":0,"7":0,"8":0,"9":0,"10":0,"11":0,"12":0,"13":0,"14":0,"15":0,"16":0,"17":0,"18":0,"19":0},"b":{"0":[0,0],"1":[0,0],"2":[0,0],"3":[0,0],"4":[0,0],"5":[0,0],"6":[0,0],"7":[0,0],"8":[0,0],"9":[0,0],"10":[0,0],"11":[0,0],"12":[0,0],"13":[0,0],"14":[0,0],"15":[0,0]}}
,"C:\\Users\\BM\\Desktop\\gits\\frontend-architecture-project-20minCoach\\src\\src\\screens\\SearchScreen.tsx": {"path":"C:\\Users\\BM\\Desktop\\gits\\frontend-architecture-project-20minCoach\\src\\src\\screens\\SearchScreen.tsx","statementMap":{"0":{"start":{"line":20,"column":54},"end":{"line":20,"column":66}},"1":{"start":{"line":21,"column":47},"end":{"line":21,"column":69}},"2":{"start":{"line":22,"column":50},"end":{"line":22,"column":62}},"3":{"start":{"line":23,"column":36},"end":{"line":23,"column":47}},"4":{"start":{"line":25,"column":19},"end":{"line":25,"column":32}},"5":{"start":{"line":26,"column":19},"end":{"line":26,"column":64}},"6":{"start":{"line":26,"column":53},"end":{"line":26,"column":63}},"7":{"start":{"line":28,"column":24},"end":{"line":28,"column":59}},"8":{"start":{"line":30,"column":34},"end":{"line":38,"column":3}},"9":{"start":{"line":31,"column":4},"end":{"line":31,"column":31}},"10":{"start":{"line":32,"column":23},"end":{"line":32,"column":65}},"11":{"start":{"line":33,"column":4},"end":{"line":33,"column":38}},"12":{"start":{"line":35,"column":4},"end":{"line":37,"column":5}},"13":{"start":{"line":36,"column":6},"end":{"line":36,"column":29}},"14":{"start":{"line":40,"column":20},"end":{"line":44,"column":3}},"15":{"start":{"line":41,"column":24},"end":{"line":41,"column":115}},"16":{"start":{"line":41,"column":80},"end":{"line":41,"column":89}},"17":{"start":{"line":43,"column":4},"end":{"line":43,"column":37}},"18":{"start":{"line":46,"column":31},"end":{"line":74,"column":3}},"19":{"start":{"line":47,"column":23},"end":{"line":47,"column":79}},"20":{"start":{"line":49,"column":4},"end":{"line":52,"column":5}},"21":{"start":{"line":50,"column":6},"end":{"line":50,"column":88}},"22":{"start":{"line":51,"column":6},"end":{"line":51,"column":12}},"23":{"start":{"line":54,"column":4},"end":{"line":57,"column":5}},"24":{"start":{"line":55,"column":6},"end":{"line":55,"column":107}},"25":{"start":{"line":56,"column":6},"end":{"line":56,"column":12}},"26":{"start":{"line":59,"column":4},"end":{"line":63,"column":6}},"27":{"start":{"line":66,"column":4},"end":{"line":66,"column":48}},"28":{"start":{"line":67,"column":4},"end":{"line":67,"column":43}},"29":{"start":{"line":70,"column":4},"end":{"line":73,"column":6}},"30":{"start":{"line":76,"column":27},"end":{"line":93,"column":3}},"31":{"start":{"line":77,"column":4},"end":{"line":92,"column":5}},"32":{"start":{"line":79,"column":8},"end":{"line":79,"column":45}},"33":{"start":{"line":80,"column":8},"end":{"line":80,"column":13}},"34":{"start":{"line":82,"column":8},"end":{"line":82,"column":40}},"35":{"start":{"line":83,"column":8},"end":{"line":83,"column":13}},"36":{"start":{"line":85,"column":8},"end":{"line":85,"column":42}},"37":{"start":{"line":86,"column":8},"end":{"line":86,"column":13}},"38":{"start":{"line":88,"column":8},"end":{"line":88,"column":39}},"39":{"start":{"line":89,"column":8},"end":{"line":89,"column":13}},"40":{"start":{"line":91,"column":8},"end":{"line":91,"column":98}},"41":{"start":{"line":95,"column":2},"end":{"line":177,"column":3}},"42":{"start":{"line":152,"column":78},"end":{"line":152,"column":113}},"43":{"start":{"line":157,"column":78},"end":{"line":157,"column":107}},"44":{"start":{"line":162,"column":78},"end":{"line":162,"column":110}},"45":{"start":{"line":167,"column":78},"end":{"line":167,"column":106}},"46":{"start":{"line":180,"column":15},"end":{"line":309,"column":2}}},"fnMap":{"0":{"name":"SearchScreen","decl":{"start":{"line":19,"column":24},"end":{"line":19,"column":36}},"loc":{"start":{"line":19,"column":72},"end":{"line":178,"column":1}},"line":19},"1":{"name":"(anonymous_1)","decl":{"start":{"line":26,"column":31},"end":{"line":26,"column":32}},"loc":{"start":{"line":26,"column":53},"end":{"line":26,"column":63}},"line":26},"2":{"name":"(anonymous_2)","decl":{"start":{"line":30,"column":34},"end":{"line":30,"column":35}},"loc":{"start":{"line":30,"column":52},"end":{"line":38,"column":3}},"line":30},"3":{"name":"(anonymous_3)","decl":{"start":{"line":40,"column":20},"end":{"line":40,"column":21}},"loc":{"start":{"line":40,"column":37},"end":{"line":44,"column":3}},"line":40},"4":{"name":"(anonymous_4)","decl":{"start":{"line":41,"column":73},"end":{"line":41,"column":74}},"loc":{"start":{"line":41,"column":80},"end":{"line":41,"column":89}},"line":41},"5":{"name":"(anonymous_5)","decl":{"start":{"line":46,"column":31},"end":{"line":46,"column":32}},"loc":{"start":{"line":46,"column":37},"end":{"line":74,"column":3}},"line":46},"6":{"name":"(anonymous_6)","decl":{"start":{"line":76,"column":27},"end":{"line":76,"column":28}},"loc":{"start":{"line":76,"column":51},"end":{"line":93,"column":3}},"line":76},"7":{"name":"(anonymous_7)","decl":{"start":{"line":152,"column":72},"end":{"line":152,"column":73}},"loc":{"start":{"line":152,"column":78},"end":{"line":152,"column":113}},"line":152},"8":{"name":"(anonymous_8)","decl":{"start":{"line":157,"column":72},"end":{"line":157,"column":73}},"loc":{"start":{"line":157,"column":78},"end":{"line":157,"column":107}},"line":157},"9":{"name":"(anonymous_9)","decl":{"start":{"line":162,"column":72},"end":{"line":162,"column":73}},"loc":{"start":{"line":162,"column":78},"end":{"line":162,"column":110}},"line":162},"10":{"name":"(anonymous_10)","decl":{"start":{"line":167,"column":72},"end":{"line":167,"column":73}},"loc":{"start":{"line":167,"column":78},"end":{"line":167,"column":106}},"line":167}},"branchMap":{"0":{"loc":{"start":{"line":35,"column":4},"end":{"line":37,"column":5}},"type":"if","locations":[{"start":{"line":35,"column":4},"end":{"line":37,"column":5}},{"start":{},"end":{}}],"line":35},"1":{"loc":{"start":{"line":35,"column":8},"end":{"line":35,"column":46}},"type":"binary-expr","locations":[{"start":{"line":35,"column":8},"end":{"line":35,"column":24}},{"start":{"line":35,"column":28},"end":{"line":35,"column":46}}],"line":35},"2":{"loc":{"start":{"line":41,"column":24},"end":{"line":41,"column":115}},"type":"cond-expr","locations":[{"start":{"line":41,"column":53},"end":{"line":41,"column":90}},{"start":{"line":41,"column":93},"end":{"line":41,"column":115}}],"line":41},"3":{"loc":{"start":{"line":49,"column":4},"end":{"line":52,"column":5}},"type":"if","locations":[{"start":{"line":49,"column":4},"end":{"line":52,"column":5}},{"start":{},"end":{}}],"line":49},"4":{"loc":{"start":{"line":50,"column":26},"end":{"line":50,"column":87}},"type":"binary-expr","locations":[{"start":{"line":50,"column":26},"end":{"line":50,"column":44}},{"start":{"line":50,"column":48},"end":{"line":50,"column":87}}],"line":50},"5":{"loc":{"start":{"line":54,"column":4},"end":{"line":57,"column":5}},"type":"if","locations":[{"start":{"line":54,"column":4},"end":{"line":57,"column":5}},{"start":{},"end":{}}],"line":54},"6":{"loc":{"start":{"line":77,"column":4},"end":{"line":92,"column":5}},"type":"switch","locations":[{"start":{"line":78,"column":6},"end":{"line":80,"column":13}},{"start":{"line":81,"column":6},"end":{"line":83,"column":13}},{"start":{"line":84,"column":6},"end":{"line":86,"column":13}},{"start":{"line":87,"column":6},"end":{"line":89,"column":13}},{"start":{"line":90,"column":6},"end":{"line":91,"column":98}}],"line":77},"7":{"loc":{"start":{"line":99,"column":48},"end":{"line":99,"column":69}},"type":"binary-expr","locations":[{"start":{"line":99,"column":48},"end":{"line":99,"column":58}},{"start":{"line":99,"column":62},"end":{"line":99,"column":69}}],"line":99},"8":{"loc":{"start":{"line":110,"column":37},"end":{"line":110,"column":80}},"type":"cond-expr","locations":[{"start":{"line":110,"column":56},"end":{"line":110,"column":73}},{"start":{"line":110,"column":76},"end":{"line":110,"column":80}}],"line":110},"9":{"loc":{"start":{"line":120,"column":44},"end":{"line":120,"column":109}},"type":"cond-expr","locations":[{"start":{"line":120,"column":62},"end":{"line":120,"column":83}},{"start":{"line":120,"column":86},"end":{"line":120,"column":109}}],"line":120},"10":{"loc":{"start":{"line":125,"column":11},"end":{"line":125,"column":93}},"type":"cond-expr","locations":[{"start":{"line":125,"column":30},"end":{"line":125,"column":86}},{"start":{"line":125,"column":89},"end":{"line":125,"column":93}}],"line":125},"11":{"loc":{"start":{"line":145,"column":22},"end":{"line":145,"column":65}},"type":"binary-expr","locations":[{"start":{"line":145,"column":22},"end":{"line":145,"column":36}},{"start":{"line":145,"column":40},"end":{"line":145,"column":65}}],"line":145}},"s":{"0":0,"1":0,"2":0,"3":0,"4":0,"5":0,"6":0,"7":0,"8":0,"9":0,"10":0,"11":0,"12":0,"13":0,"14":0,"15":0,"16":0,"17":0,"18":0,"19":0,"20":0,"21":0,"22":0,"23":0,"24":0,"25":0,"26":0,"27":0,"28":0,"29":0,"30":0,"31":0,"32":0,"33":0,"34":0,"35":0,"36":0,"37":0,"38":0,"39":0,"40":0,"41":0,"42":0,"43":0,"44":0,"45":0,"46":0},"f":{"0":0,"1":0,"2":0,"3":0,"4":0,"5":0,"6":0,"7":0,"8":0,"9":0,"10":0},"b":{"0":[0,0],"1":[0,0],"2":[0,0],"3":[0,0],"4":[0,0],"5":[0,0],"6":[0,0,0,0,0],"7":[0,0],"8":[0,0],"9":[0,0],"10":[0,0],"11":[0,0]}}
,"C:\\Users\\BM\\Desktop\\gits\\frontend-architecture-project-20minCoach\\src\\src\\screens\\SessionHistoryScreen.tsx": {"path":"C:\\Users\\BM\\Desktop\\gits\\frontend-architecture-project-20minCoach\\src\\src\\screens\\SessionHistoryScreen.tsx","statementMap":{"0":{"start":{"line":9,"column":23},"end":{"line":37,"column":3}},"1":{"start":{"line":39,"column":22},"end":{"line":41,"column":3}},"2":{"start":{"line":40,"column":4},"end":{"line":40,"column":54}},"3":{"start":{"line":43,"column":2},"end":{"line":74,"column":3}},"4":{"start":{"line":52,"column":10},"end":{"line":66,"column":29}},"5":{"start":{"line":77,"column":15},"end":{"line":149,"column":2}}},"fnMap":{"0":{"name":"SessionHistoryScreen","decl":{"start":{"line":8,"column":24},"end":{"line":8,"column":44}},"loc":{"start":{"line":8,"column":88},"end":{"line":75,"column":1}},"line":8},"1":{"name":"(anonymous_1)","decl":{"start":{"line":39,"column":22},"end":{"line":39,"column":23}},"loc":{"start":{"line":39,"column":42},"end":{"line":41,"column":3}},"line":39},"2":{"name":"(anonymous_2)","decl":{"start":{"line":51,"column":26},"end":{"line":51,"column":27}},"loc":{"start":{"line":52,"column":10},"end":{"line":66,"column":29}},"line":52}},"branchMap":{},"s":{"0":0,"1":0,"2":0,"3":0,"4":0,"5":0},"f":{"0":0,"1":0,"2":0},"b":{}}
,"C:\\Users\\BM\\Desktop\\gits\\frontend-architecture-project-20minCoach\\src\\src\\screens\\UserProfileScreen.tsx": {"path":"C:\\Users\\BM\\Desktop\\gits\\frontend-architecture-project-20minCoach\\src\\src\\screens\\UserProfileScreen.tsx","statementMap":{"0":{"start":{"line":25,"column":19},"end":{"line":25,"column":64}},"1":{"start":{"line":25,"column":53},"end":{"line":25,"column":63}},"2":{"start":{"line":27,"column":26},"end":{"line":27,"column":60}},"3":{"start":{"line":28,"column":28},"end":{"line":28,"column":75}},"4":{"start":{"line":29,"column":28},"end":{"line":29,"column":57}},"5":{"start":{"line":30,"column":34},"end":{"line":30,"column":58}},"6":{"start":{"line":31,"column":24},"end":{"line":31,"column":98}},"7":{"start":{"line":33,"column":28},"end":{"line":35,"column":3}},"8":{"start":{"line":34,"column":4},"end":{"line":34,"column":79}},"9":{"start":{"line":37,"column":31},"end":{"line":39,"column":3}},"10":{"start":{"line":38,"column":4},"end":{"line":38,"column":96}},"11":{"start":{"line":41,"column":37},"end":{"line":43,"column":3}},"12":{"start":{"line":42,"column":4},"end":{"line":42,"column":94}},"13":{"start":{"line":45,"column":2},"end":{"line":155,"column":3}},"14":{"start":{"line":158,"column":15},"end":{"line":269,"column":2}}},"fnMap":{"0":{"name":"UserProfileScreen","decl":{"start":{"line":24,"column":24},"end":{"line":24,"column":41}},"loc":{"start":{"line":24,"column":82},"end":{"line":156,"column":1}},"line":24},"1":{"name":"(anonymous_1)","decl":{"start":{"line":25,"column":31},"end":{"line":25,"column":32}},"loc":{"start":{"line":25,"column":53},"end":{"line":25,"column":63}},"line":25},"2":{"name":"(anonymous_2)","decl":{"start":{"line":33,"column":28},"end":{"line":33,"column":29}},"loc":{"start":{"line":33,"column":34},"end":{"line":35,"column":3}},"line":33},"3":{"name":"(anonymous_3)","decl":{"start":{"line":37,"column":31},"end":{"line":37,"column":32}},"loc":{"start":{"line":37,"column":37},"end":{"line":39,"column":3}},"line":37},"4":{"name":"(anonymous_4)","decl":{"start":{"line":41,"column":37},"end":{"line":41,"column":38}},"loc":{"start":{"line":41,"column":43},"end":{"line":43,"column":3}},"line":41}},"branchMap":{"0":{"loc":{"start":{"line":27,"column":35},"end":{"line":27,"column":59}},"type":"binary-expr","locations":[{"start":{"line":27,"column":35},"end":{"line":27,"column":45}},{"start":{"line":27,"column":49},"end":{"line":27,"column":59}}],"line":27},"1":{"loc":{"start":{"line":28,"column":37},"end":{"line":28,"column":74}},"type":"binary-expr","locations":[{"start":{"line":28,"column":37},"end":{"line":28,"column":48}},{"start":{"line":28,"column":52},"end":{"line":28,"column":74}}],"line":28}},"s":{"0":0,"1":0,"2":0,"3":0,"4":0,"5":0,"6":0,"7":0,"8":0,"9":0,"10":0,"11":0,"12":0,"13":0,"14":0},"f":{"0":0,"1":0,"2":0,"3":0,"4":0},"b":{"0":[0,0],"1":[0,0]}}
,"C:\\Users\\BM\\Desktop\\gits\\frontend-architecture-project-20minCoach\\src\\src\\slices\\authSlice.ts": {"path":"C:\\Users\\BM\\Desktop\\gits\\frontend-architecture-project-20minCoach\\src\\src\\slices\\authSlice.ts","statementMap":{"0":{"start":{"line":10,"column":32},"end":{"line":14,"column":1}},"1":{"start":{"line":16,"column":18},"end":{"line":39,"column":2}},"2":{"start":{"line":21,"column":6},"end":{"line":21,"column":26}},"3":{"start":{"line":24,"column":6},"end":{"line":24,"column":33}},"4":{"start":{"line":25,"column":6},"end":{"line":25,"column":34}},"5":{"start":{"line":26,"column":6},"end":{"line":26,"column":27}},"6":{"start":{"line":29,"column":6},"end":{"line":29,"column":23}},"7":{"start":{"line":30,"column":6},"end":{"line":30,"column":35}},"8":{"start":{"line":31,"column":6},"end":{"line":31,"column":27}},"9":{"start":{"line":34,"column":6},"end":{"line":34,"column":23}},"10":{"start":{"line":35,"column":6},"end":{"line":35,"column":35}},"11":{"start":{"line":36,"column":6},"end":{"line":36,"column":27}},"12":{"start":{"line":41,"column":66},"end":{"line":41,"column":83}}},"fnMap":{"0":{"name":"(anonymous_0)","decl":{"start":{"line":20,"column":16},"end":{"line":20,"column":17}},"loc":{"start":{"line":20,"column":27},"end":{"line":22,"column":5}},"line":20},"1":{"name":"(anonymous_1)","decl":{"start":{"line":23,"column":18},"end":{"line":23,"column":19}},"loc":{"start":{"line":23,"column":63},"end":{"line":27,"column":5}},"line":23},"2":{"name":"(anonymous_2)","decl":{"start":{"line":28,"column":18},"end":{"line":28,"column":19}},"loc":{"start":{"line":28,"column":29},"end":{"line":32,"column":5}},"line":28},"3":{"name":"(anonymous_3)","decl":{"start":{"line":33,"column":12},"end":{"line":33,"column":13}},"loc":{"start":{"line":33,"column":23},"end":{"line":37,"column":5}},"line":33}},"branchMap":{},"s":{"0":0,"1":0,"2":0,"3":0,"4":0,"5":0,"6":0,"7":0,"8":0,"9":0,"10":0,"11":0,"12":0},"f":{"0":0,"1":0,"2":0,"3":0},"b":{}}
,"C:\\Users\\BM\\Desktop\\gits\\frontend-architecture-project-20minCoach\\src\\src\\slices\\coachesSlice.ts": {"path":"C:\\Users\\BM\\Desktop\\gits\\frontend-architecture-project-20minCoach\\src\\src\\slices\\coachesSlice.ts","statementMap":{"0":{"start":{"line":13,"column":29},"end":{"line":134,"column":1}},"1":{"start":{"line":136,"column":35},"end":{"line":142,"column":1}},"2":{"start":{"line":144,"column":21},"end":{"line":162,"column":2}},"3":{"start":{"line":149,"column":6},"end":{"line":149,"column":40}},"4":{"start":{"line":150,"column":6},"end":{"line":150,"column":94}},"5":{"start":{"line":153,"column":6},"end":{"line":153,"column":41}},"6":{"start":{"line":154,"column":6},"end":{"line":154,"column":93}},"7":{"start":{"line":157,"column":6},"end":{"line":157,"column":28}},"8":{"start":{"line":158,"column":6},"end":{"line":158,"column":29}},"9":{"start":{"line":159,"column":6},"end":{"line":159,"column":43}},"10":{"start":{"line":165,"column":2},"end":{"line":175,"column":4}},"11":{"start":{"line":167,"column":6},"end":{"line":170,"column":59}},"12":{"start":{"line":169,"column":42},"end":{"line":169,"column":90}},"13":{"start":{"line":172,"column":24},"end":{"line":172,"column":89}},"14":{"start":{"line":172,"column":64},"end":{"line":172,"column":88}},"15":{"start":{"line":174,"column":4},"end":{"line":174,"column":38}},"16":{"start":{"line":178,"column":65},"end":{"line":178,"column":85}}},"fnMap":{"0":{"name":"(anonymous_0)","decl":{"start":{"line":148,"column":20},"end":{"line":148,"column":21}},"loc":{"start":{"line":148,"column":62},"end":{"line":151,"column":5}},"line":148},"1":{"name":"(anonymous_1)","decl":{"start":{"line":152,"column":21},"end":{"line":152,"column":22}},"loc":{"start":{"line":152,"column":65},"end":{"line":155,"column":5}},"line":152},"2":{"name":"(anonymous_2)","decl":{"start":{"line":156,"column":18},"end":{"line":156,"column":19}},"loc":{"start":{"line":156,"column":29},"end":{"line":160,"column":5}},"line":156},"3":{"name":"filterCoaches","decl":{"start":{"line":164,"column":9},"end":{"line":164,"column":22}},"loc":{"start":{"line":164,"column":81},"end":{"line":176,"column":1}},"line":164},"4":{"name":"(anonymous_4)","decl":{"start":{"line":165,"column":24},"end":{"line":165,"column":25}},"loc":{"start":{"line":165,"column":35},"end":{"line":175,"column":3}},"line":165},"5":{"name":"(anonymous_5)","decl":{"start":{"line":169,"column":32},"end":{"line":169,"column":33}},"loc":{"start":{"line":169,"column":42},"end":{"line":169,"column":90}},"line":169},"6":{"name":"(anonymous_6)","decl":{"start":{"line":172,"column":55},"end":{"line":172,"column":56}},"loc":{"start":{"line":172,"column":64},"end":{"line":172,"column":88}},"line":172}},"branchMap":{"0":{"loc":{"start":{"line":167,"column":6},"end":{"line":170,"column":59}},"type":"binary-expr","locations":[{"start":{"line":167,"column":6},"end":{"line":167,"column":18}},{"start":{"line":168,"column":6},"end":{"line":168,"column":60}},{"start":{"line":169,"column":6},"end":{"line":169,"column":91}},{"start":{"line":170,"column":6},"end":{"line":170,"column":59}}],"line":167},"1":{"loc":{"start":{"line":172,"column":24},"end":{"line":172,"column":89}},"type":"binary-expr","locations":[{"start":{"line":172,"column":24},"end":{"line":172,"column":41}},{"start":{"line":172,"column":45},"end":{"line":172,"column":89}}],"line":172},"2":{"loc":{"start":{"line":174,"column":11},"end":{"line":174,"column":38}},"type":"binary-expr","locations":[{"start":{"line":174,"column":11},"end":{"line":174,"column":23}},{"start":{"line":174,"column":27},"end":{"line":174,"column":38}}],"line":174}},"s":{"0":0,"1":0,"2":0,"3":0,"4":0,"5":0,"6":0,"7":0,"8":0,"9":0,"10":0,"11":0,"12":0,"13":0,"14":0,"15":0,"16":0},"f":{"0":0,"1":0,"2":0,"3":0,"4":0,"5":0,"6":0},"b":{"0":[0,0,0,0],"1":[0,0],"2":[0,0]}}
,"C:\\Users\\BM\\Desktop\\gits\\frontend-architecture-project-20minCoach\\src\\src\\state\\store.ts": {"path":"C:\\Users\\BM\\Desktop\\gits\\frontend-architecture-project-20minCoach\\src\\src\\state\\store.ts","statementMap":{"0":{"start":{"line":5,"column":21},"end":{"line":10,"column":2}}},"fnMap":{},"branchMap":{},"s":{"0":0},"f":{},"b":{}}
,"C:\\Users\\BM\\Desktop\\gits\\frontend-architecture-project-20minCoach\\src\\src\\utils\\logger.ts": {"path":"C:\\Users\\BM\\Desktop\\gits\\frontend-architecture-project-20minCoach\\src\\src\\utils\\logger.ts","statementMap":{"0":{"start":{"line":3,"column":4},"end":{"line":3,"column":54}},"1":{"start":{"line":7,"column":4},"end":{"line":7,"column":63}},"2":{"start":{"line":11,"column":4},"end":{"line":11,"column":63}}},"fnMap":{"0":{"name":"(anonymous_0)","decl":{"start":{"line":2,"column":2},"end":{"line":2,"column":3}},"loc":{"start":{"line":2,"column":48},"end":{"line":4,"column":3}},"line":2},"1":{"name":"(anonymous_1)","decl":{"start":{"line":6,"column":2},"end":{"line":6,"column":3}},"loc":{"start":{"line":6,"column":51},"end":{"line":8,"column":3}},"line":6},"2":{"name":"(anonymous_2)","decl":{"start":{"line":10,"column":2},"end":{"line":10,"column":3}},"loc":{"start":{"line":10,"column":49},"end":{"line":12,"column":3}},"line":10}},"branchMap":{"0":{"loc":{"start":{"line":3,"column":43},"end":{"line":3,"column":53}},"type":"binary-expr","locations":[{"start":{"line":3,"column":43},"end":{"line":3,"column":47}},{"start":{"line":3,"column":51},"end":{"line":3,"column":53}}],"line":3},"1":{"loc":{"start":{"line":7,"column":51},"end":{"line":7,"column":62}},"type":"binary-expr","locations":[{"start":{"line":7,"column":51},"end":{"line":7,"column":56}},{"start":{"line":7,"column":60},"end":{"line":7,"column":62}}],"line":7},"2":{"loc":{"start":{"line":11,"column":52},"end":{"line":11,"column":62}},"type":"binary-expr","locations":[{"start":{"line":11,"column":52},"end":{"line":11,"column":56}},{"start":{"line":11,"column":60},"end":{"line":11,"column":62}}],"line":11}},"s":{"0":0,"1":0,"2":0},"f":{"0":0,"1":0,"2":0},"b":{"0":[0,0],"1":[0,0],"2":[0,0]}}
,"C:\\Users\\BM\\Desktop\\gits\\frontend-architecture-project-20minCoach\\src\\src\\utils\\validator.ts": {"path":"C:\\Users\\BM\\Desktop\\gits\\frontend-architecture-project-20minCoach\\src\\src\\utils\\validator.ts","statementMap":{"0":{"start":{"line":3,"column":23},"end":{"line":3,"column":51}},"1":{"start":{"line":4,"column":4},"end":{"line":4,"column":33}},"2":{"start":{"line":8,"column":4},"end":{"line":8,"column":31}},"3":{"start":{"line":12,"column":18},"end":{"line":15,"column":40}},"4":{"start":{"line":15,"column":24},"end":{"line":15,"column":39}},"5":{"start":{"line":16,"column":22},"end":{"line":16,"column":34}},"6":{"start":{"line":18,"column":4},"end":{"line":24,"column":5}},"7":{"start":{"line":19,"column":6},"end":{"line":23,"column":7}},"8":{"start":{"line":26,"column":4},"end":{"line":26,"column":39}}},"fnMap":{"0":{"name":"(anonymous_0)","decl":{"start":{"line":2,"column":2},"end":{"line":2,"column":3}},"loc":{"start":{"line":2,"column":46},"end":{"line":5,"column":3}},"line":2},"1":{"name":"(anonymous_1)","decl":{"start":{"line":7,"column":2},"end":{"line":7,"column":3}},"loc":{"start":{"line":7,"column":52},"end":{"line":9,"column":3}},"line":7},"2":{"name":"(anonymous_2)","decl":{"start":{"line":11,"column":2},"end":{"line":11,"column":3}},"loc":{"start":{"line":11,"column":116},"end":{"line":27,"column":3}},"line":11},"3":{"name":"(anonymous_3)","decl":{"start":{"line":15,"column":14},"end":{"line":15,"column":15}},"loc":{"start":{"line":15,"column":24},"end":{"line":15,"column":39}},"line":15}},"branchMap":{"0":{"loc":{"start":{"line":18,"column":4},"end":{"line":24,"column":5}},"type":"if","locations":[{"start":{"line":18,"column":4},"end":{"line":24,"column":5}},{"start":{},"end":{}}],"line":18}},"s":{"0":0,"1":0,"2":0,"3":0,"4":0,"5":0,"6":0,"7":0,"8":0},"f":{"0":0,"1":0,"2":0,"3":0},"b":{"0":[0,0]}}
}
